"GET /about/ HTTP/1.1" 200 169314
"GET /static/assets/imgs/theme/icons/search.png HTTP/1.1" 404 2029
"GET /about/ HTTP/1.1" 200 169322
"GET /static/assets/imgs/theme/icons/search.png HTTP/1.1" 404 2029
"GET /about/ HTTP/1.1" 200 169238
"GET /static/assets/css/plugins/slider-range.css HTTP/1.1" 200 2718
"GET /static/assets/css/custom.css HTTP/1.1" 200 5210
"GET /static/assets/imgs/theme/icons/icon-heart.svg HTTP/1.1" 200 1322
"GET /static/assets/imgs/page/Hlogo.png HTTP/1.1" 200 165299
"GET /static/assets/css/main.css HTTP/1.1" 200 253994
"GET /static/assets/imgs/theme/icons/icon-cart.svg HTTP/1.1" 200 1378
"GET /static/assets/imgs/theme/icons/icon-user.svg HTTP/1.1" 200 1771
"GET /static/assets/css/vendors/normalize.css HTTP/1.1" 200 6371
"GET /static/assets/css/plugins/magnific-popup.css HTTP/1.1" 200 7306
"GET /static/assets/css/plugins/slick.css HTTP/1.1" 200 1949
"GET /static/assets/css/plugins/select2.min.css HTTP/1.1" 200 10532
"GET /static/assets/css/vendors/uicons-regular-straight.css HTTP/1.1" 200 18701
"GET /static/assets/css/plugins/perfect-scrollbar.css HTTP/1.1" 200 2702
"GET /media/category/4_9.jpg HTTP/1.1" 200 24278
"GET /static/assets/js/vendor/modernizr-3.6.0.min.js HTTP/1.1" 200 17315
"GET /static/assets/css/vendors/bootstrap.min.css HTTP/1.1" 200 204203
"GET /static/assets/js/vendor/jquery-migrate-3.3.0.min.js HTTP/1.1" 200 16151
"GET /static/assets/js/vendor/jquery-3.6.0.min.js HTTP/1.1" 200 154196
"GET /static/assets/js/vendor/bootstrap.bundle.min.js HTTP/1.1" 200 138686
"GET /static/assets/js/plugins/slick.js HTTP/1.1" 200 55958
"GET /static/assets/js/plugins/jquery.syotimer.min.js HTTP/1.1" 200 9981
"GET /static/assets/js/plugins/wow.js HTTP/1.1" 200 12009
"GET /static/assets/js/plugins/perfect-scrollbar.js HTTP/1.1" 200 45974
"GET /static/assets/js/plugins/slider-range.js HTTP/1.1" 200 76783
"GET /static/assets/js/plugins/magnific-popup.js HTTP/1.1" 200 34782
"GET /static/assets/js/plugins/select2.min.js HTTP/1.1" 200 131250
"GET /static/assets/js/plugins/waypoints.js HTTP/1.1" 200 12878
"GET /static/assets/js/plugins/counterup.js HTTP/1.1" 200 2034
"GET /static/assets/js/plugins/jquery.countdown.min.js HTTP/1.1" 200 7241
"GET /static/assets/js/plugins/images-loaded.js HTTP/1.1" 200 7454
"GET /static/assets/js/plugins/isotope.js HTTP/1.1" 200 50244
"GET /static/assets/js/plugins/scrollup.js HTTP/1.1" 200 2761
"GET /static/assets/js/plugins/jquery.vticker-min.js HTTP/1.1" 200 4028
"GET /static/assets/js/plugins/jquery.theia.sticky.js HTTP/1.1" 200 16507
"GET /static/assets/js/main.js HTTP/1.1" 200 24468
"GET /static/assets/js/plugins/jquery.elevatezoom.js HTTP/1.1" 200 78877
"GET /static/assets/js/shop.js HTTP/1.1" 200 3918
"GET /static/assets/js/function.js HTTP/1.1" 200 17810
"GET /static/assets/js/infinite-scroll.js HTTP/1.1" 200 6262
"GET /media/category/1_18.jpg HTTP/1.1" 200 75436
"GET /media/category/1_14.jpg HTTP/1.1" 200 10233
"GET /media/category/Lucid_Origin_A_clean_modern_display_layout_featuring_a_variety_3_1_YtidKKl.jpg HTTP/1.1" 200 701259
"GET /media/category/1_34.jpg HTTP/1.1" 200 37378
"GET /static/assets/imgs/theme/icons/icon-1.svg HTTP/1.1" 200 5445
"GET /static/assets/imgs/theme/icons/icon-2.svg HTTP/1.1" 200 11526
"GET /static/assets/imgs/theme/icons/icon-3.svg HTTP/1.1" 200 3073
"GET /static/assets/imgs/theme/icons/icon-4.svg HTTP/1.1" 200 5390
"GET /static/assets/imgs/theme/icons/icon-headphone.svg HTTP/1.1" 200 1251
"GET /static/assets/imgs/theme/icons/icon-facebook-white.svg HTTP/1.1" 200 495
"GET /static/assets/imgs/theme/icons/icon-twitter-white.svg HTTP/1.1" 200 1507
"GET /static/assets/imgs/theme/icons/icon-instagram-white.svg HTTP/1.1" 200 743
"GET /static/assets/imgs/theme/icons/icon-pinterest-white.svg HTTP/1.1" 200 539
"GET /static/assets/imgs/theme/icons/icon-youtube-white.svg HTTP/1.1" 200 379
"GET /static/assets/imgs/theme/icons/icon-5.svg HTTP/1.1" 200 4089
"GET /static/assets/imgs/theme/icons/icon-6.svg HTTP/1.1" 200 6940
"GET /static/assets/imgs/theme/icons/icon-contact.svg HTTP/1.1" 200 1550
"GET /static/assets/imgs/theme/icons/icon-clock.svg HTTP/1.1" 200 1241
"GET /static/assets/imgs/theme/icons/icon-location.svg HTTP/1.1" 200 1935
"GET /static/assets/imgs/theme/icons/phone-call.svg HTTP/1.1" 200 2918
"GET /static/assets/imgs/theme/icons/icon-email-2.svg HTTP/1.1" 200 977
"GET /static/assets/imgs/theme/icons/search.png HTTP/1.1" 404 2029
"GET /static/assets/fonts/uicons/uicons-regular-straight.woff2 HTTP/1.1" 200 31072
"GET /static/assets/imgs/banner/banner-22.png HTTP/1.1" 200 940183
"GET /static/assets/imgs/page/Flogo.png HTTP/1.1" 200 130746
"GET /static/assets/imgs/theme/icons/icon-plane.png HTTP/1.1" 200 3150
"GET /static/assets/imgs/banner/banner-10.png HTTP/1.1" 200 28409
"GET /static/assets/imgs/page/Flogo.png HTTP/1.1" 200 130746
"GET /about/ HTTP/1.1" 200 169266
"GET /static/assets/css/plugins/slider-range.css HTTP/1.1" 200 2718
"GET /static/assets/imgs/theme/icons/icon-heart.svg HTTP/1.1" 200 1322
"GET /static/assets/css/custom.css HTTP/1.1" 200 5210
"GET /static/assets/css/main.css HTTP/1.1" 200 253994
"GET /static/assets/imgs/page/Hlogo.png HTTP/1.1" 200 165299
"GET /static/assets/imgs/theme/icons/icon-cart.svg HTTP/1.1" 200 1378
"GET /static/assets/css/vendors/normalize.css HTTP/1.1" 200 6371
"GET /static/assets/css/plugins/magnific-popup.css HTTP/1.1" 200 7306
"GET /static/assets/css/plugins/perfect-scrollbar.css HTTP/1.1" 200 2702
"GET /static/assets/css/vendors/uicons-regular-straight.css HTTP/1.1" 200 18701
"GET /static/assets/css/plugins/slick.css HTTP/1.1" 200 1949
"GET /static/assets/css/plugins/select2.min.css HTTP/1.1" 200 10532
"GET /static/assets/imgs/theme/icons/icon-user.svg HTTP/1.1" 200 1771
"GET /media/category/4_9.jpg HTTP/1.1" 200 24278
"GET /static/assets/css/vendors/bootstrap.min.css HTTP/1.1" 200 204203
"GET /static/assets/js/vendor/modernizr-3.6.0.min.js HTTP/1.1" 200 17315
"GET /static/assets/js/vendor/jquery-3.6.0.min.js HTTP/1.1" 200 154196
"GET /static/assets/js/vendor/jquery-migrate-3.3.0.min.js HTTP/1.1" 200 16151
"GET /static/assets/js/plugins/slick.js HTTP/1.1" 200 55958
"GET /static/assets/js/vendor/bootstrap.bundle.min.js HTTP/1.1" 200 138686
"GET /static/assets/js/plugins/jquery.syotimer.min.js HTTP/1.1" 200 9981
"GET /static/assets/js/plugins/wow.js HTTP/1.1" 200 12009
"GET /static/assets/js/plugins/slider-range.js HTTP/1.1" 200 76783
"GET /static/assets/js/plugins/perfect-scrollbar.js HTTP/1.1" 200 45974
"GET /static/assets/js/plugins/magnific-popup.js HTTP/1.1" 200 34782
"GET /static/assets/js/plugins/waypoints.js HTTP/1.1" 200 12878
"GET /static/assets/js/plugins/select2.min.js HTTP/1.1" 200 131250
"GET /static/assets/js/plugins/counterup.js HTTP/1.1" 200 2034
"GET /static/assets/js/plugins/jquery.countdown.min.js HTTP/1.1" 200 7241
"GET /static/assets/js/plugins/images-loaded.js HTTP/1.1" 200 7454
"GET /static/assets/js/plugins/scrollup.js HTTP/1.1" 200 2761
"GET /static/assets/js/plugins/isotope.js HTTP/1.1" 200 50244
"GET /static/assets/js/plugins/jquery.vticker-min.js HTTP/1.1" 200 4028
"GET /static/assets/js/plugins/jquery.theia.sticky.js HTTP/1.1" 200 16507
"GET /static/assets/js/main.js HTTP/1.1" 200 24468
"GET /static/assets/js/plugins/jquery.elevatezoom.js HTTP/1.1" 200 78877
"GET /static/assets/js/shop.js HTTP/1.1" 200 3918
"GET /static/assets/js/function.js HTTP/1.1" 200 17810
"GET /static/assets/js/infinite-scroll.js HTTP/1.1" 200 6262
"GET /media/category/1_18.jpg HTTP/1.1" 200 75436
"GET /media/category/1_14.jpg HTTP/1.1" 200 10233
"GET /media/category/Lucid_Origin_A_clean_modern_display_layout_featuring_a_variety_3_1_YtidKKl.jpg HTTP/1.1" 200 701259
"GET /media/category/1_34.jpg HTTP/1.1" 200 37378
"GET /static/assets/imgs/theme/icons/icon-1.svg HTTP/1.1" 200 5445
"GET /static/assets/imgs/theme/icons/icon-2.svg HTTP/1.1" 200 11526
"GET /static/assets/imgs/theme/icons/icon-3.svg HTTP/1.1" 200 3073
"GET /static/assets/imgs/theme/icons/icon-4.svg HTTP/1.1" 200 5390
"GET /static/assets/imgs/theme/icons/icon-headphone.svg HTTP/1.1" 200 1251
"GET /static/assets/imgs/theme/icons/icon-instagram-white.svg HTTP/1.1" 200 743
"GET /static/assets/imgs/theme/icons/icon-facebook-white.svg HTTP/1.1" 200 495
"GET /static/assets/imgs/theme/icons/icon-twitter-white.svg HTTP/1.1" 200 1507
"GET /static/assets/imgs/theme/icons/icon-pinterest-white.svg HTTP/1.1" 200 539
"GET /static/assets/imgs/theme/icons/icon-youtube-white.svg HTTP/1.1" 200 379
"GET /static/assets/imgs/theme/icons/icon-location.svg HTTP/1.1" 200 1935
"GET /static/assets/imgs/theme/icons/icon-contact.svg HTTP/1.1" 200 1550
"GET /static/assets/imgs/theme/icons/icon-5.svg HTTP/1.1" 200 4089
"GET /static/assets/imgs/theme/icons/icon-6.svg HTTP/1.1" 200 6940
"GET /static/assets/imgs/theme/icons/icon-email-2.svg HTTP/1.1" 200 977
"GET /static/assets/imgs/theme/icons/icon-clock.svg HTTP/1.1" 200 1241
"GET /static/assets/imgs/theme/icons/phone-call.svg HTTP/1.1" 200 2918
"GET /static/assets/imgs/page/Flogo.png HTTP/1.1" 200 130746
"GET /static/assets/imgs/theme/icons/search.png HTTP/1.1" 404 2029
"GET /static/assets/fonts/uicons/uicons-regular-straight.woff2 HTTP/1.1" 200 31072
"GET /static/assets/imgs/theme/icons/icon-plane.png HTTP/1.1" 200 3150
"GET /static/assets/imgs/banner/banner-10.png HTTP/1.1" 200 28409
"GET /static/assets/imgs/banner/banner-22.png HTTP/1.1" 200 940183
"GET /static/assets/imgs/page/Flogo.png HTTP/1.1" 200 130746
"GET /products/ HTTP/1.1" 200 206467
"GET /static/assets/imgs/theme/icons/search.png HTTP/1.1" 404 2029
"GET /products/?page=2 HTTP/1.1" 200 205277
"GET /static/assets/imgs/theme/icons/search.png HTTP/1.1" 404 2029
"GET / HTTP/1.1" 200 494061
"GET /static/assets/imgs/theme/icons/search.png HTTP/1.1" 404 2029
"GET /products/ HTTP/1.1" 200 206467
"GET /static/assets/imgs/theme/icons/search.png HTTP/1.1" 404 2029
"GET /product/3eb22hhead/ HTTP/1.1" 200 194101
"GET /static/assets/css/prism.css HTTP/1.1" 200 5953
"GET /static/assets/imgs/theme/icons/search.png HTTP/1.1" 404 2029
"GET /media/user_1/LNRS_Provider-Circle_png_dDPOUk5.png HTTP/1.1" 200 163824
"GET /static/assets/js/prism.js HTTP/1.1" 200 586262
"GET /dashboard/ HTTP/1.1" 302 0
"GET /users/sign-in/?next=/dashboard/ HTTP/1.1" 200 152341
"GET /static/assets/imgs/theme/icons/search.png HTTP/1.1" 404 2029
"GET /static/assets/imgs/page/login-1.png HTTP/1.1" 200 270812
"POST /users/sign-in/?next=/dashboard/ HTTP/1.1" 302 0
"GET /dashboard/ HTTP/1.1" 200 210480
"GET /static/assets/imgs/theme/icons/search.png HTTP/1.1" 404 2029
"GET /media/image/5_1.jpg HTTP/1.1" 200 64163
"GET /products/ HTTP/1.1" 200 252271
"GET /static/assets/imgs/theme/icons/search.png HTTP/1.1" 404 2029
"GET /products/?page=2 HTTP/1.1" 200 251081
"GET /static/assets/imgs/theme/icons/search.png HTTP/1.1" 404 2029
"GET /products/?page=3 HTTP/1.1" 200 233088
"GET /static/assets/imgs/theme/icons/search.png HTTP/1.1" 404 2029
"GET /products/?page=1 HTTP/1.1" 200 252271
"GET /static/assets/imgs/theme/icons/search.png HTTP/1.1" 404 2029
D:\ecommerce\ecomm\core\urls.py changed, reloading.
Watching for file changes with StatReloader
D:\ecommerce\ecomm\core\urls.py changed, reloading.
Watching for file changes with StatReloader
D:\ecommerce\ecomm\core\views.py changed, reloading.
Watching for file changes with StatReloader
D:\ecommerce\ecomm\core\views.py changed, reloading.
Watching for file changes with StatReloader
D:\ecommerce\ecomm\core\views.py changed, reloading.
Watching for file changes with StatReloader
D:\ecommerce\ecomm\core\urls.py changed, reloading.
Watching for file changes with StatReloader
"GET / HTTP/1.1" 200 539883
"GET /static/assets/imgs/theme/icons/search.png HTTP/1.1" 404 2029
Internal Server Error: /affiliate-program/
Traceback (most recent call last):
  File "D:\ecommerce\env\Lib\site-packages\django\template\backends\django.py", line 107, in render
    return self.template.render(context)
           ^^^^^^^^^^^^^^^^^^^^^^^^^^^^^
  File "D:\ecommerce\env\Lib\site-packages\django\template\base.py", line 171, in render
    return self._render(context)
           ^^^^^^^^^^^^^^^^^^^^^
  File "D:\ecommerce\env\Lib\site-packages\django\template\base.py", line 163, in _render
    return self.nodelist.render(context)
           ^^^^^^^^^^^^^^^^^^^^^^^^^^^^^
  File "D:\ecommerce\env\Lib\site-packages\django\template\base.py", line 1016, in render
    return SafeString("".join([node.render_annotated(context) for node in self]))
                               ^^^^^^^^^^^^^^^^^^^^^^^^^^^^^^
  File "D:\ecommerce\env\Lib\site-packages\django\template\base.py", line 977, in render_annotated
    return self.render(context)
           ^^^^^^^^^^^^^^^^^^^^
  File "D:\ecommerce\env\Lib\site-packages\django\template\loader_tags.py", line 134, in render
    compiled_parent = self.get_parent(context)
                      ^^^^^^^^^^^^^^^^^^^^^^^^
  File "D:\ecommerce\env\Lib\site-packages\django\template\loader_tags.py", line 131, in get_parent
    return self.find_template(parent, context)
           ^^^^^^^^^^^^^^^^^^^^^^^^^^^^^^^^^^^
  File "D:\ecommerce\env\Lib\site-packages\django\template\loader_tags.py", line 109, in find_template
    template, origin = context.template.engine.find_template(
                       ^^^^^^^^^^^^^^^^^^^^^^^^^^^^^^^^^^^^^^
  File "D:\ecommerce\env\Lib\site-packages\django\template\engine.py", line 163, in find_template
    raise TemplateDoesNotExist(name, tried=tried)
django.template.exceptions.TemplateDoesNotExist: base.html

The above exception was the direct cause of the following exception:

Traceback (most recent call last):
  File "D:\ecommerce\env\Lib\site-packages\django\core\handlers\exception.py", line 55, in inner
    response = get_response(request)
               ^^^^^^^^^^^^^^^^^^^^^
  File "D:\ecommerce\env\Lib\site-packages\django\core\handlers\base.py", line 197, in _get_response
    response = wrapped_callback(request, *callback_args, **callback_kwargs)
               ^^^^^^^^^^^^^^^^^^^^^^^^^^^^^^^^^^^^^^^^^^^^^^^^^^^^^^^^^^^^
  File "D:\ecommerce\ecomm\core\views.py", line 1232, in affiliate_program
    return render(request, "core/under_construction.html")
           ^^^^^^^^^^^^^^^^^^^^^^^^^^^^^^^^^^^^^^^^^^^^^^^
  File "D:\ecommerce\env\Lib\site-packages\django\shortcuts.py", line 25, in render
    content = loader.render_to_string(template_name, context, request, using=using)
              ^^^^^^^^^^^^^^^^^^^^^^^^^^^^^^^^^^^^^^^^^^^^^^^^^^^^^^^^^^^^^^^^^^^^^
  File "D:\ecommerce\env\Lib\site-packages\django\template\loader.py", line 62, in render_to_string
    return template.render(context, request)
           ^^^^^^^^^^^^^^^^^^^^^^^^^^^^^^^^^
  File "D:\ecommerce\env\Lib\site-packages\django\template\backends\django.py", line 109, in render
    reraise(exc, self.backend)
  File "D:\ecommerce\env\Lib\site-packages\django\template\backends\django.py", line 130, in reraise
    raise new from exc
django.template.exceptions.TemplateDoesNotExist: base.html
"GET /affiliate-program/ HTTP/1.1" 500 135061
Not Found: /favicon.ico
"GET /favicon.ico HTTP/1.1" 404 12108
"GET /affiliate-program/ HTTP/1.1" 200 196871
"GET /static/assets/imgs/theme/icons/search.png HTTP/1.1" 404 2029
"GET /affiliate-program/ HTTP/1.1" 200 196871
"GET /static/assets/imgs/theme/icons/search.png HTTP/1.1" 404 2029
"GET /affiliate-program/ HTTP/1.1" 200 196871
"GET /static/assets/imgs/theme/icons/search.png HTTP/1.1" 404 2029
D:\ecommerce\ecomm\core\views.py changed, reloading.
Watching for file changes with StatReloader
D:\ecommerce\ecomm\core\views.py changed, reloading.
Watching for file changes with StatReloader
D:\ecommerce\ecomm\core\urls.py changed, reloading.
Watching for file changes with StatReloader
D:\ecommerce\ecomm\core\urls.py changed, reloading.
Watching for file changes with StatReloader
Watching for file changes with StatReloader
Internal Server Error: /affiliate-program/
Traceback (most recent call last):
  File "D:\ecommerce\env\Lib\site-packages\django\core\handlers\exception.py", line 55, in inner
    response = get_response(request)
               ^^^^^^^^^^^^^^^^^^^^^
  File "D:\ecommerce\env\Lib\site-packages\django\core\handlers\base.py", line 197, in _get_response
    response = wrapped_callback(request, *callback_args, **callback_kwargs)
               ^^^^^^^^^^^^^^^^^^^^^^^^^^^^^^^^^^^^^^^^^^^^^^^^^^^^^^^^^^^^
  File "D:\ecommerce\ecomm\core\views.py", line 1267, in affiliate_program
    categories = Category.objects.filter(active=True)[:10]
                 ^^^^^^^^^^^^^^^^^^^^^^^^^^^^^^^^^^^^
  File "D:\ecommerce\env\Lib\site-packages\django\db\models\manager.py", line 87, in manager_method
    return getattr(self.get_queryset(), name)(*args, **kwargs)
           ^^^^^^^^^^^^^^^^^^^^^^^^^^^^^^^^^^^^^^^^^^^^^^^^^^^
  File "D:\ecommerce\env\Lib\site-packages\django\db\models\query.py", line 1493, in filter
    return self._filter_or_exclude(False, args, kwargs)
           ^^^^^^^^^^^^^^^^^^^^^^^^^^^^^^^^^^^^^^^^^^^^
  File "D:\ecommerce\env\Lib\site-packages\django\db\models\query.py", line 1511, in _filter_or_exclude
    clone._filter_or_exclude_inplace(negate, args, kwargs)
  File "D:\ecommerce\env\Lib\site-packages\django\db\models\query.py", line 1518, in _filter_or_exclude_inplace
    self._query.add_q(Q(*args, **kwargs))
  File "D:\ecommerce\env\Lib\site-packages\django\db\models\sql\query.py", line 1646, in add_q
    clause, _ = self._add_q(q_object, can_reuse)
                ^^^^^^^^^^^^^^^^^^^^^^^^^^^^^^^^
  File "D:\ecommerce\env\Lib\site-packages\django\db\models\sql\query.py", line 1678, in _add_q
    child_clause, needed_inner = self.build_filter(
                                 ^^^^^^^^^^^^^^^^^^
  File "D:\ecommerce\env\Lib\site-packages\django\db\models\sql\query.py", line 1526, in build_filter
    lookups, parts, reffed_expression = self.solve_lookup_type(arg, summarize)
                                        ^^^^^^^^^^^^^^^^^^^^^^^^^^^^^^^^^^^^^^
  File "D:\ecommerce\env\Lib\site-packages\django\db\models\sql\query.py", line 1333, in solve_lookup_type
    _, field, _, lookup_parts = self.names_to_path(lookup_splitted, self.get_meta())
                                ^^^^^^^^^^^^^^^^^^^^^^^^^^^^^^^^^^^^^^^^^^^^^^^^^^^^
  File "D:\ecommerce\env\Lib\site-packages\django\db\models\sql\query.py", line 1806, in names_to_path
    raise FieldError(
django.core.exceptions.FieldError: Cannot resolve keyword 'active' into field. Choices are: cid, description, id, image, subcategories, title
"GET /affiliate-program/ HTTP/1.1" 500 119545
Not Found: /favicon.ico
"GET /favicon.ico HTTP/1.1" 404 12350
D:\ecommerce\ecomm\core\views.py changed, reloading.
Watching for file changes with StatReloader
D:\ecommerce\ecomm\core\views.py changed, reloading.
Watching for file changes with StatReloader
Internal Server Error: /affiliate-program/
Traceback (most recent call last):
  File "D:\ecommerce\env\Lib\site-packages\django\core\handlers\exception.py", line 55, in inner
    response = get_response(request)
               ^^^^^^^^^^^^^^^^^^^^^
  File "D:\ecommerce\env\Lib\site-packages\django\core\handlers\base.py", line 197, in _get_response
    response = wrapped_callback(request, *callback_args, **callback_kwargs)
               ^^^^^^^^^^^^^^^^^^^^^^^^^^^^^^^^^^^^^^^^^^^^^^^^^^^^^^^^^^^^
  File "D:\ecommerce\ecomm\core\views.py", line 1267, in affiliate_program
    categories = Category.objects.get()[:10]
                 ^^^^^^^^^^^^^^^^^^^^^^
  File "D:\ecommerce\env\Lib\site-packages\django\db\models\manager.py", line 87, in manager_method
    return getattr(self.get_queryset(), name)(*args, **kwargs)
           ^^^^^^^^^^^^^^^^^^^^^^^^^^^^^^^^^^^^^^^^^^^^^^^^^^^
  File "D:\ecommerce\env\Lib\site-packages\django\db\models\query.py", line 636, in get
    raise self.model.MultipleObjectsReturned(
core.models.Category.MultipleObjectsReturned: get() returned more than one Category -- it returned 5!
"GET /affiliate-program/ HTTP/1.1" 500 83605
D:\ecommerce\ecomm\core\views.py changed, reloading.
Watching for file changes with StatReloader
D:\ecommerce\ecomm\core\views.py changed, reloading.
Watching for file changes with StatReloader
Internal Server Error: /affiliate-program/
Traceback (most recent call last):
  File "D:\ecommerce\env\Lib\site-packages\django\core\handlers\exception.py", line 55, in inner
    response = get_response(request)
               ^^^^^^^^^^^^^^^^^^^^^
  File "D:\ecommerce\env\Lib\site-packages\django\core\handlers\base.py", line 197, in _get_response
    response = wrapped_callback(request, *callback_args, **callback_kwargs)
               ^^^^^^^^^^^^^^^^^^^^^^^^^^^^^^^^^^^^^^^^^^^^^^^^^^^^^^^^^^^^
  File "D:\ecommerce\ecomm\core\views.py", line 1267, in affiliate_program
    categories = Category.objects.get(id !=0)[:10]
                 ^^^^^^^^^^^^^^^^^^^^^^^^^^^^
  File "D:\ecommerce\env\Lib\site-packages\django\db\models\manager.py", line 87, in manager_method
    return getattr(self.get_queryset(), name)(*args, **kwargs)
           ^^^^^^^^^^^^^^^^^^^^^^^^^^^^^^^^^^^^^^^^^^^^^^^^^^^
  File "D:\ecommerce\env\Lib\site-packages\django\db\models\query.py", line 619, in get
    clone = self._chain() if self.query.combinator else self.filter(*args, **kwargs)
                                                        ^^^^^^^^^^^^^^^^^^^^^^^^^^^^
  File "D:\ecommerce\env\Lib\site-packages\django\db\models\query.py", line 1493, in filter
    return self._filter_or_exclude(False, args, kwargs)
           ^^^^^^^^^^^^^^^^^^^^^^^^^^^^^^^^^^^^^^^^^^^^
  File "D:\ecommerce\env\Lib\site-packages\django\db\models\query.py", line 1511, in _filter_or_exclude
    clone._filter_or_exclude_inplace(negate, args, kwargs)
  File "D:\ecommerce\env\Lib\site-packages\django\db\models\query.py", line 1518, in _filter_or_exclude_inplace
    self._query.add_q(Q(*args, **kwargs))
  File "D:\ecommerce\env\Lib\site-packages\django\db\models\sql\query.py", line 1646, in add_q
    clause, _ = self._add_q(q_object, can_reuse)
                ^^^^^^^^^^^^^^^^^^^^^^^^^^^^^^^^
  File "D:\ecommerce\env\Lib\site-packages\django\db\models\sql\query.py", line 1678, in _add_q
    child_clause, needed_inner = self.build_filter(
                                 ^^^^^^^^^^^^^^^^^^
  File "D:\ecommerce\env\Lib\site-packages\django\db\models\sql\query.py", line 1523, in build_filter
    arg, value = filter_expr
    ^^^^^^^^^^
TypeError: cannot unpack non-iterable bool object
"GET /affiliate-program/ HTTP/1.1" 500 112505
Not Found: /favicon.ico
"GET /favicon.ico HTTP/1.1" 404 12350
D:\ecommerce\ecomm\core\views.py changed, reloading.
Watching for file changes with StatReloader
Internal Server Error: /affiliate-program/
Traceback (most recent call last):
  File "D:\ecommerce\env\Lib\site-packages\django\core\handlers\exception.py", line 55, in inner
    response = get_response(request)
               ^^^^^^^^^^^^^^^^^^^^^
  File "D:\ecommerce\env\Lib\site-packages\django\core\handlers\base.py", line 197, in _get_response
    response = wrapped_callback(request, *callback_args, **callback_kwargs)
               ^^^^^^^^^^^^^^^^^^^^^^^^^^^^^^^^^^^^^^^^^^^^^^^^^^^^^^^^^^^^
  File "D:\ecommerce\ecomm\core\views.py", line 1267, in affiliate_program
    categories = Category.objects.get(id !="")[:10]
                 ^^^^^^^^^^^^^^^^^^^^^^^^^^^^^
  File "D:\ecommerce\env\Lib\site-packages\django\db\models\manager.py", line 87, in manager_method
    return getattr(self.get_queryset(), name)(*args, **kwargs)
           ^^^^^^^^^^^^^^^^^^^^^^^^^^^^^^^^^^^^^^^^^^^^^^^^^^^
  File "D:\ecommerce\env\Lib\site-packages\django\db\models\query.py", line 619, in get
    clone = self._chain() if self.query.combinator else self.filter(*args, **kwargs)
                                                        ^^^^^^^^^^^^^^^^^^^^^^^^^^^^
  File "D:\ecommerce\env\Lib\site-packages\django\db\models\query.py", line 1493, in filter
    return self._filter_or_exclude(False, args, kwargs)
           ^^^^^^^^^^^^^^^^^^^^^^^^^^^^^^^^^^^^^^^^^^^^
  File "D:\ecommerce\env\Lib\site-packages\django\db\models\query.py", line 1511, in _filter_or_exclude
    clone._filter_or_exclude_inplace(negate, args, kwargs)
  File "D:\ecommerce\env\Lib\site-packages\django\db\models\query.py", line 1518, in _filter_or_exclude_inplace
    self._query.add_q(Q(*args, **kwargs))
  File "D:\ecommerce\env\Lib\site-packages\django\db\models\sql\query.py", line 1646, in add_q
    clause, _ = self._add_q(q_object, can_reuse)
                ^^^^^^^^^^^^^^^^^^^^^^^^^^^^^^^^
  File "D:\ecommerce\env\Lib\site-packages\django\db\models\sql\query.py", line 1678, in _add_q
    child_clause, needed_inner = self.build_filter(
                                 ^^^^^^^^^^^^^^^^^^
  File "D:\ecommerce\env\Lib\site-packages\django\db\models\sql\query.py", line 1523, in build_filter
    arg, value = filter_expr
    ^^^^^^^^^^
TypeError: cannot unpack non-iterable bool object
"GET /affiliate-program/ HTTP/1.1" 500 112529
Not Found: /favicon.ico
"GET /favicon.ico HTTP/1.1" 404 12350
D:\ecommerce\ecomm\core\views.py changed, reloading.
Watching for file changes with StatReloader
D:\ecommerce\ecomm\core\views.py changed, reloading.
Watching for file changes with StatReloader
"GET /affiliate-program/ HTTP/1.1" 200 206673
"GET /static/assets/imgs/theme/icons/search.png HTTP/1.1" 404 2029
D:\ecommerce\ecomm\core\views.py changed, reloading.
Watching for file changes with StatReloader
D:\ecommerce\ecomm\core\views.py changed, reloading.
Watching for file changes with StatReloader
D:\ecommerce\ecomm\core\views.py changed, reloading.
Watching for file changes with StatReloader
D:\ecommerce\ecomm\core\urls.py changed, reloading.
Watching for file changes with StatReloader
Internal Server Error: /affiliate-program/
Traceback (most recent call last):
  File "D:\ecommerce\env\Lib\site-packages\django\core\handlers\exception.py", line 55, in inner
    response = get_response(request)
               ^^^^^^^^^^^^^^^^^^^^^
  File "D:\ecommerce\env\Lib\site-packages\django\core\handlers\base.py", line 197, in _get_response
    response = wrapped_callback(request, *callback_args, **callback_kwargs)
               ^^^^^^^^^^^^^^^^^^^^^^^^^^^^^^^^^^^^^^^^^^^^^^^^^^^^^^^^^^^^
  File "D:\ecommerce\ecomm\core\views.py", line 1300, in affiliate_program
    return render(request, 'core/under_construction.html', context)
           ^^^^^^^^^^^^^^^^^^^^^^^^^^^^^^^^^^^^^^^^^^^^^^^^^^^^^^^^
  File "D:\ecommerce\env\Lib\site-packages\django\shortcuts.py", line 25, in render
    content = loader.render_to_string(template_name, context, request, using=using)
              ^^^^^^^^^^^^^^^^^^^^^^^^^^^^^^^^^^^^^^^^^^^^^^^^^^^^^^^^^^^^^^^^^^^^^
  File "D:\ecommerce\env\Lib\site-packages\django\template\loader.py", line 62, in render_to_string
    return template.render(context, request)
           ^^^^^^^^^^^^^^^^^^^^^^^^^^^^^^^^^
  File "D:\ecommerce\env\Lib\site-packages\django\template\backends\django.py", line 107, in render
    return self.template.render(context)
           ^^^^^^^^^^^^^^^^^^^^^^^^^^^^^
  File "D:\ecommerce\env\Lib\site-packages\django\template\base.py", line 171, in render
    return self._render(context)
           ^^^^^^^^^^^^^^^^^^^^^
  File "D:\ecommerce\env\Lib\site-packages\django\template\base.py", line 163, in _render
    return self.nodelist.render(context)
           ^^^^^^^^^^^^^^^^^^^^^^^^^^^^^
  File "D:\ecommerce\env\Lib\site-packages\django\template\base.py", line 1016, in render
    return SafeString("".join([node.render_annotated(context) for node in self]))
                               ^^^^^^^^^^^^^^^^^^^^^^^^^^^^^^
  File "D:\ecommerce\env\Lib\site-packages\django\template\base.py", line 977, in render_annotated
    return self.render(context)
           ^^^^^^^^^^^^^^^^^^^^
  File "D:\ecommerce\env\Lib\site-packages\django\template\loader_tags.py", line 159, in render
    return compiled_parent._render(context)
           ^^^^^^^^^^^^^^^^^^^^^^^^^^^^^^^^
  File "D:\ecommerce\env\Lib\site-packages\django\template\base.py", line 163, in _render
    return self.nodelist.render(context)
           ^^^^^^^^^^^^^^^^^^^^^^^^^^^^^
  File "D:\ecommerce\env\Lib\site-packages\django\template\base.py", line 1016, in render
    return SafeString("".join([node.render_annotated(context) for node in self]))
                               ^^^^^^^^^^^^^^^^^^^^^^^^^^^^^^
  File "D:\ecommerce\env\Lib\site-packages\django\template\base.py", line 977, in render_annotated
    return self.render(context)
           ^^^^^^^^^^^^^^^^^^^^
  File "D:\ecommerce\env\Lib\site-packages\django\template\defaulttags.py", line 480, in render
    url = reverse(view_name, args=args, kwargs=kwargs, current_app=current_app)
          ^^^^^^^^^^^^^^^^^^^^^^^^^^^^^^^^^^^^^^^^^^^^^^^^^^^^^^^^^^^^^^^^^^^^^
  File "D:\ecommerce\env\Lib\site-packages\django\urls\base.py", line 98, in reverse
    resolved_url = resolver._reverse_with_prefix(view, prefix, *args, **kwargs)
                   ^^^^^^^^^^^^^^^^^^^^^^^^^^^^^^^^^^^^^^^^^^^^^^^^^^^^^^^^^^^^
  File "D:\ecommerce\env\Lib\site-packages\django\urls\resolvers.py", line 831, in _reverse_with_prefix
    raise NoReverseMatch(msg)
django.urls.exceptions.NoReverseMatch: Reverse for 'supliers' not found. 'supliers' is not a valid view function or pattern name.
"GET /affiliate-program/ HTTP/1.1" 500 179498
Not Found: /favicon.ico
"GET /favicon.ico HTTP/1.1" 404 13151
Internal Server Error: /affiliate-program/
Traceback (most recent call last):
  File "D:\ecommerce\env\Lib\site-packages\django\core\handlers\exception.py", line 55, in inner
    response = get_response(request)
               ^^^^^^^^^^^^^^^^^^^^^
  File "D:\ecommerce\env\Lib\site-packages\django\core\handlers\base.py", line 197, in _get_response
    response = wrapped_callback(request, *callback_args, **callback_kwargs)
               ^^^^^^^^^^^^^^^^^^^^^^^^^^^^^^^^^^^^^^^^^^^^^^^^^^^^^^^^^^^^
  File "D:\ecommerce\ecomm\core\views.py", line 1300, in affiliate_program
    return render(request, 'core/under_construction.html', context)
           ^^^^^^^^^^^^^^^^^^^^^^^^^^^^^^^^^^^^^^^^^^^^^^^^^^^^^^^^
  File "D:\ecommerce\env\Lib\site-packages\django\shortcuts.py", line 25, in render
    content = loader.render_to_string(template_name, context, request, using=using)
              ^^^^^^^^^^^^^^^^^^^^^^^^^^^^^^^^^^^^^^^^^^^^^^^^^^^^^^^^^^^^^^^^^^^^^
  File "D:\ecommerce\env\Lib\site-packages\django\template\loader.py", line 62, in render_to_string
    return template.render(context, request)
           ^^^^^^^^^^^^^^^^^^^^^^^^^^^^^^^^^
  File "D:\ecommerce\env\Lib\site-packages\django\template\backends\django.py", line 107, in render
    return self.template.render(context)
           ^^^^^^^^^^^^^^^^^^^^^^^^^^^^^
  File "D:\ecommerce\env\Lib\site-packages\django\template\base.py", line 171, in render
    return self._render(context)
           ^^^^^^^^^^^^^^^^^^^^^
  File "D:\ecommerce\env\Lib\site-packages\django\template\base.py", line 163, in _render
    return self.nodelist.render(context)
           ^^^^^^^^^^^^^^^^^^^^^^^^^^^^^
  File "D:\ecommerce\env\Lib\site-packages\django\template\base.py", line 1016, in render
    return SafeString("".join([node.render_annotated(context) for node in self]))
                               ^^^^^^^^^^^^^^^^^^^^^^^^^^^^^^
  File "D:\ecommerce\env\Lib\site-packages\django\template\base.py", line 977, in render_annotated
    return self.render(context)
           ^^^^^^^^^^^^^^^^^^^^
  File "D:\ecommerce\env\Lib\site-packages\django\template\loader_tags.py", line 159, in render
    return compiled_parent._render(context)
           ^^^^^^^^^^^^^^^^^^^^^^^^^^^^^^^^
  File "D:\ecommerce\env\Lib\site-packages\django\template\base.py", line 163, in _render
    return self.nodelist.render(context)
           ^^^^^^^^^^^^^^^^^^^^^^^^^^^^^
  File "D:\ecommerce\env\Lib\site-packages\django\template\base.py", line 1016, in render
    return SafeString("".join([node.render_annotated(context) for node in self]))
                               ^^^^^^^^^^^^^^^^^^^^^^^^^^^^^^
  File "D:\ecommerce\env\Lib\site-packages\django\template\base.py", line 977, in render_annotated
    return self.render(context)
           ^^^^^^^^^^^^^^^^^^^^
  File "D:\ecommerce\env\Lib\site-packages\django\template\defaulttags.py", line 480, in render
    url = reverse(view_name, args=args, kwargs=kwargs, current_app=current_app)
          ^^^^^^^^^^^^^^^^^^^^^^^^^^^^^^^^^^^^^^^^^^^^^^^^^^^^^^^^^^^^^^^^^^^^^
  File "D:\ecommerce\env\Lib\site-packages\django\urls\base.py", line 98, in reverse
    resolved_url = resolver._reverse_with_prefix(view, prefix, *args, **kwargs)
                   ^^^^^^^^^^^^^^^^^^^^^^^^^^^^^^^^^^^^^^^^^^^^^^^^^^^^^^^^^^^^
  File "D:\ecommerce\env\Lib\site-packages\django\urls\resolvers.py", line 831, in _reverse_with_prefix
    raise NoReverseMatch(msg)
django.urls.exceptions.NoReverseMatch: Reverse for 'suppliers' not found. 'suppliers' is not a valid view function or pattern name.
"GET /affiliate-program/ HTTP/1.1" 500 179521
Not Found: /favicon.ico
"GET /favicon.ico HTTP/1.1" 404 13151
"GET /affiliate-program/ HTTP/1.1" 200 206712
"GET /static/assets/css/plugins/slider-range.css HTTP/1.1" 200 2718
"GET /static/assets/css/main.css HTTP/1.1" 200 253994
"GET /static/assets/imgs/theme/icons/icon-heart.svg HTTP/1.1" 200 1322
"GET /static/assets/imgs/page/Hlogo.png HTTP/1.1" 200 165299
"GET /static/assets/css/custom.css HTTP/1.1" 200 5210
"GET /static/assets/css/vendors/normalize.css HTTP/1.1" 200 6371
"GET /static/assets/css/vendors/uicons-regular-straight.css HTTP/1.1" 200 18701
"GET /static/assets/css/plugins/slick.css HTTP/1.1" 200 1949
"GET /static/assets/css/plugins/select2.min.css HTTP/1.1" 200 10532
"GET /static/assets/css/plugins/magnific-popup.css HTTP/1.1" 200 7306
"GET /static/assets/css/plugins/perfect-scrollbar.css HTTP/1.1" 200 2702
"GET /static/assets/imgs/theme/icons/icon-cart.svg HTTP/1.1" 200 1378
"GET /static/assets/css/vendors/bootstrap.min.css HTTP/1.1" 200 204203
"GET /static/assets/imgs/theme/icons/icon-user.svg HTTP/1.1" 200 1771
"GET /static/assets/js/vendor/modernizr-3.6.0.min.js HTTP/1.1" 200 17315
"GET /media/category/Lucid_Origin_A_clean_modern_display_layout_featuring_a_variety_3_1_YtidKKl.jpg HTTP/1.1" 200 701259
"GET /static/assets/js/vendor/jquery-3.6.0.min.js HTTP/1.1" 200 154196
"GET /static/assets/js/vendor/jquery-migrate-3.3.0.min.js HTTP/1.1" 200 16151
"GET /static/assets/js/vendor/bootstrap.bundle.min.js HTTP/1.1" 200 138686
"GET /static/assets/js/plugins/slick.js HTTP/1.1" 200 55958
"GET /static/assets/js/plugins/jquery.syotimer.min.js HTTP/1.1" 200 9981
"GET /static/assets/js/plugins/wow.js HTTP/1.1" 200 12009
"GET /static/assets/js/plugins/perfect-scrollbar.js HTTP/1.1" 200 45974
"GET /static/assets/js/plugins/slider-range.js HTTP/1.1" 200 76783
"GET /static/assets/js/plugins/magnific-popup.js HTTP/1.1" 200 34782
"GET /static/assets/js/plugins/select2.min.js HTTP/1.1" 200 131250
"GET /static/assets/js/plugins/waypoints.js HTTP/1.1" 200 12878
"GET /static/assets/js/plugins/counterup.js HTTP/1.1" 200 2034
"GET /static/assets/js/plugins/jquery.countdown.min.js HTTP/1.1" 200 7241
"GET /static/assets/js/plugins/images-loaded.js HTTP/1.1" 200 7454
"GET /static/assets/js/plugins/scrollup.js HTTP/1.1" 200 2761
"GET /static/assets/js/plugins/isotope.js HTTP/1.1" 200 50244
"GET /static/assets/js/plugins/jquery.vticker-min.js HTTP/1.1" 200 4028
"GET /static/assets/js/plugins/jquery.theia.sticky.js HTTP/1.1" 200 16507
"GET /static/assets/js/plugins/jquery.elevatezoom.js HTTP/1.1" 200 78877
"GET /static/assets/js/main.js HTTP/1.1" 200 24468
"GET /static/assets/js/shop.js HTTP/1.1" 200 3918
"GET /static/assets/js/function.js HTTP/1.1" 200 17810
"GET /static/assets/js/infinite-scroll.js HTTP/1.1" 200 6262
"GET /media/category/1_18.jpg HTTP/1.1" 200 75436
"GET /media/category/1_14.jpg HTTP/1.1" 200 10233
"GET /media/category/4_9.jpg HTTP/1.1" 200 24278
"GET /media/category/1_34.jpg HTTP/1.1" 200 37378
"GET /static/assets/imgs/theme/icons/icon-1.svg HTTP/1.1" 200 5445
"GET /static/assets/imgs/theme/icons/icon-2.svg HTTP/1.1" 200 11526
"GET /static/assets/imgs/theme/icons/icon-3.svg HTTP/1.1" 200 3073
"GET /static/assets/imgs/theme/icons/icon-4.svg HTTP/1.1" 200 5390
"GET /static/assets/imgs/theme/icons/icon-headphone.svg HTTP/1.1" 200 1251
"GET /static/assets/imgs/theme/icons/icon-facebook-white.svg HTTP/1.1" 200 495
"GET /static/assets/imgs/theme/icons/icon-twitter-white.svg HTTP/1.1" 200 1507
"GET /static/assets/imgs/theme/icons/icon-instagram-white.svg HTTP/1.1" 200 743
"GET /static/assets/imgs/theme/icons/icon-pinterest-white.svg HTTP/1.1" 200 539
"GET /static/assets/imgs/theme/icons/icon-youtube-white.svg HTTP/1.1" 200 379
"GET /media/user_1/LNRS_Provider-Circle_png_dDPOUk5.png HTTP/1.1" 200 163824
"GET /media/user_1/1_41.jpg HTTP/1.1" 200 21376
"GET /media/user_1/1_29_mi5DLKk.jpg HTTP/1.1" 200 45702
"GET /media/user_1/Coffee-Makers.png HTTP/1.1" 200 25572
"GET /media/user_1/17031905870118bacad0dfcc64cd7a43a3b68796f5795_2.webp HTTP/1.1" 200 24120
"GET /media/user_1/1_31.jpg HTTP/1.1" 200 36095
"GET /media/user_1/1_29.jpg HTTP/1.1" 200 45702
"GET /media/user_1/1_43.jpg HTTP/1.1" 200 8399
"GET /media/user_1/1_35.jpg HTTP/1.1" 200 33614
"GET /media/user_1/1_24.jpg HTTP/1.1" 200 59772
"GET /media/user_1/5_4.jpg HTTP/1.1" 200 30472
"GET /media/user_1/1_37.jpg HTTP/1.1" 200 9574
"GET /media/user_1/5_8.jpg HTTP/1.1" 200 25606
"GET /media/user_1/251120102231_0ea85c5ca7ec80d60ef005251bcc7b31.webp HTTP/1.1" 200 22570
"GET /media/user_1/2_18.jpg HTTP/1.1" 200 28986
"GET /media/user_1/1_10.jpg HTTP/1.1" 200 57819
"GET /media/user_1/China_Town_M.jpg HTTP/1.1" 200 177124
"GET /media/user_1/Mixers_ERoTWNY.png HTTP/1.1" 200 27798
"GET /media/user_1/1_40.jpg HTTP/1.1" 200 12280
"GET /media/user_1/3_21_8Q5HRjl.jpg HTTP/1.1" 200 20020
"GET /static/assets/fonts/uicons/uicons-regular-straight.woff2 HTTP/1.1" 200 31072
"GET /static/assets/imgs/theme/icons/icon-5.svg HTTP/1.1" 200 4089
"GET /static/assets/imgs/theme/icons/icon-6.svg HTTP/1.1" 200 6940
"GET /static/assets/imgs/theme/icons/icon-location.svg HTTP/1.1" 200 1935
"GET /static/assets/imgs/theme/icons/icon-contact.svg HTTP/1.1" 200 1550
"GET /static/assets/imgs/theme/icons/icon-clock.svg HTTP/1.1" 200 1241
"GET /static/assets/imgs/theme/icons/icon-email-2.svg HTTP/1.1" 200 977
"GET /static/assets/imgs/theme/icons/phone-call.svg HTTP/1.1" 200 2918
"GET /static/assets/imgs/theme/icons/search.png HTTP/1.1" 404 2029
"GET /static/assets/imgs/theme/icons/icon-plane.png HTTP/1.1" 200 3150
"GET /static/assets/imgs/banner/banner-10.png HTTP/1.1" 200 28409
"GET /static/assets/imgs/page/Flogo.png HTTP/1.1" 200 130746
"GET /static/assets/imgs/banner/banner-22.png HTTP/1.1" 200 940183
"GET /static/assets/imgs/page/Flogo.png HTTP/1.1" 200 130746
Internal Server Error: /our-suppliers/
Traceback (most recent call last):
  File "D:\ecommerce\env\Lib\site-packages\django\core\handlers\exception.py", line 55, in inner
    response = get_response(request)
               ^^^^^^^^^^^^^^^^^^^^^
  File "D:\ecommerce\env\Lib\site-packages\django\core\handlers\base.py", line 197, in _get_response
    response = wrapped_callback(request, *callback_args, **callback_kwargs)
               ^^^^^^^^^^^^^^^^^^^^^^^^^^^^^^^^^^^^^^^^^^^^^^^^^^^^^^^^^^^^
  File "D:\ecommerce\ecomm\core\views.py", line 1308, in our_suppliers
    vendors = Vendor.objects.filter(active=True)[:8]
              ^^^^^^^^^^^^^^^^^^^^^^^^^^^^^^^^^^
  File "D:\ecommerce\env\Lib\site-packages\django\db\models\manager.py", line 87, in manager_method
    return getattr(self.get_queryset(), name)(*args, **kwargs)
           ^^^^^^^^^^^^^^^^^^^^^^^^^^^^^^^^^^^^^^^^^^^^^^^^^^^
  File "D:\ecommerce\env\Lib\site-packages\django\db\models\query.py", line 1493, in filter
    return self._filter_or_exclude(False, args, kwargs)
           ^^^^^^^^^^^^^^^^^^^^^^^^^^^^^^^^^^^^^^^^^^^^
  File "D:\ecommerce\env\Lib\site-packages\django\db\models\query.py", line 1511, in _filter_or_exclude
    clone._filter_or_exclude_inplace(negate, args, kwargs)
  File "D:\ecommerce\env\Lib\site-packages\django\db\models\query.py", line 1518, in _filter_or_exclude_inplace
    self._query.add_q(Q(*args, **kwargs))
  File "D:\ecommerce\env\Lib\site-packages\django\db\models\sql\query.py", line 1646, in add_q
    clause, _ = self._add_q(q_object, can_reuse)
                ^^^^^^^^^^^^^^^^^^^^^^^^^^^^^^^^
  File "D:\ecommerce\env\Lib\site-packages\django\db\models\sql\query.py", line 1678, in _add_q
    child_clause, needed_inner = self.build_filter(
                                 ^^^^^^^^^^^^^^^^^^
  File "D:\ecommerce\env\Lib\site-packages\django\db\models\sql\query.py", line 1526, in build_filter
    lookups, parts, reffed_expression = self.solve_lookup_type(arg, summarize)
                                        ^^^^^^^^^^^^^^^^^^^^^^^^^^^^^^^^^^^^^^
  File "D:\ecommerce\env\Lib\site-packages\django\db\models\sql\query.py", line 1333, in solve_lookup_type
    _, field, _, lookup_parts = self.names_to_path(lookup_splitted, self.get_meta())
                                ^^^^^^^^^^^^^^^^^^^^^^^^^^^^^^^^^^^^^^^^^^^^^^^^^^^^
  File "D:\ecommerce\env\Lib\site-packages\django\db\models\sql\query.py", line 1806, in names_to_path
    raise FieldError(
django.core.exceptions.FieldError: Cannot resolve keyword 'active' into field. Choices are: address, authentic_rating, chat_resp_time, contact, cover_image, date, days_return, description, id, image, product, shipping_on_time, title, user, user_id, vid, warranty_period
"GET /our-suppliers/ HTTP/1.1" 500 119889
Not Found: /favicon.ico
"GET /favicon.ico HTTP/1.1" 404 13151
D:\ecommerce\ecomm\core\views.py changed, reloading.
Watching for file changes with StatReloader
"GET / HTTP/1.1" 200 539922
"GET /static/assets/imgs/theme/icons/search.png HTTP/1.1" 404 2029
Internal Server Error: /our-suppliers/
Traceback (most recent call last):
  File "D:\ecommerce\env\Lib\site-packages\django\core\handlers\exception.py", line 55, in inner
    response = get_response(request)
               ^^^^^^^^^^^^^^^^^^^^^
  File "D:\ecommerce\env\Lib\site-packages\django\core\handlers\base.py", line 197, in _get_response
    response = wrapped_callback(request, *callback_args, **callback_kwargs)
               ^^^^^^^^^^^^^^^^^^^^^^^^^^^^^^^^^^^^^^^^^^^^^^^^^^^^^^^^^^^^
  File "D:\ecommerce\ecomm\core\views.py", line 1336, in our_suppliers
    return render(request, 'core/corporate/under_construction.html', context)
           ^^^^^^^^^^^^^^^^^^^^^^^^^^^^^^^^^^^^^^^^^^^^^^^^^^^^^^^^^^^^^^^^^^
  File "D:\ecommerce\env\Lib\site-packages\django\shortcuts.py", line 25, in render
    content = loader.render_to_string(template_name, context, request, using=using)
              ^^^^^^^^^^^^^^^^^^^^^^^^^^^^^^^^^^^^^^^^^^^^^^^^^^^^^^^^^^^^^^^^^^^^^
  File "D:\ecommerce\env\Lib\site-packages\django\template\loader.py", line 61, in render_to_string
    template = get_template(template_name, using=using)
               ^^^^^^^^^^^^^^^^^^^^^^^^^^^^^^^^^^^^^^^^
  File "D:\ecommerce\env\Lib\site-packages\django\template\loader.py", line 19, in get_template
    raise TemplateDoesNotExist(template_name, chain=chain)
django.template.exceptions.TemplateDoesNotExist: core/corporate/under_construction.html
"GET /our-suppliers/ HTTP/1.1" 500 98242
D:\ecommerce\ecomm\core\views.py changed, reloading.
Watching for file changes with StatReloader
D:\ecommerce\ecomm\core\views.py changed, reloading.
Watching for file changes with StatReloader
D:\ecommerce\ecomm\core\views.py changed, reloading.
Watching for file changes with StatReloader
"GET /our-suppliers/ HTTP/1.1" 200 205150
"GET /static/assets/css/plugins/slider-range.css HTTP/1.1" 200 2718
"GET /static/assets/css/main.css HTTP/1.1" 200 253994
"GET /static/assets/imgs/theme/icons/icon-heart.svg HTTP/1.1" 200 1322
"GET /static/assets/css/vendors/normalize.css HTTP/1.1" 200 6371
"GET /static/assets/css/vendors/uicons-regular-straight.css HTTP/1.1" 200 18701
"GET /static/assets/css/plugins/magnific-popup.css HTTP/1.1" 200 7306
"GET /static/assets/css/plugins/select2.min.css HTTP/1.1" 200 10532
"GET /static/assets/css/plugins/slick.css HTTP/1.1" 200 1949
"GET /static/assets/css/plugins/perfect-scrollbar.css HTTP/1.1" 200 2702
"GET /static/assets/css/custom.css HTTP/1.1" 200 5210
"GET /static/assets/imgs/theme/icons/icon-cart.svg HTTP/1.1" 200 1378
"GET /static/assets/css/vendors/bootstrap.min.css HTTP/1.1" 200 204203
"GET /static/assets/imgs/page/Hlogo.png HTTP/1.1" 200 165299
"GET /static/assets/imgs/theme/icons/icon-user.svg HTTP/1.1" 200 1771
"GET /static/assets/js/vendor/modernizr-3.6.0.min.js HTTP/1.1" 200 17315
"GET /media/category/Lucid_Origin_A_clean_modern_display_layout_featuring_a_variety_3_1_YtidKKl.jpg HTTP/1.1" 200 701259
"GET /static/assets/js/vendor/jquery-migrate-3.3.0.min.js HTTP/1.1" 200 16151
"GET /static/assets/js/vendor/jquery-3.6.0.min.js HTTP/1.1" 200 154196
"GET /static/assets/js/vendor/bootstrap.bundle.min.js HTTP/1.1" 200 138686
"GET /static/assets/js/plugins/slick.js HTTP/1.1" 200 55958
"GET /static/assets/js/plugins/jquery.syotimer.min.js HTTP/1.1" 200 9981
"GET /static/assets/js/plugins/wow.js HTTP/1.1" 200 12009
"GET /static/assets/js/plugins/slider-range.js HTTP/1.1" 200 76783
"GET /static/assets/js/plugins/perfect-scrollbar.js HTTP/1.1" 200 45974
"GET /static/assets/js/plugins/magnific-popup.js HTTP/1.1" 200 34782
"GET /static/assets/js/plugins/select2.min.js HTTP/1.1" 200 131250
"GET /static/assets/js/plugins/waypoints.js HTTP/1.1" 200 12878
"GET /static/assets/js/plugins/counterup.js HTTP/1.1" 200 2034
"GET /static/assets/js/plugins/jquery.countdown.min.js HTTP/1.1" 200 7241
"GET /static/assets/js/plugins/images-loaded.js HTTP/1.1" 200 7454
"GET /static/assets/js/plugins/scrollup.js HTTP/1.1" 200 2761
"GET /static/assets/js/plugins/isotope.js HTTP/1.1" 200 50244
"GET /static/assets/js/plugins/jquery.vticker-min.js HTTP/1.1" 200 4028
"GET /static/assets/js/plugins/jquery.theia.sticky.js HTTP/1.1" 200 16507
"GET /static/assets/js/main.js HTTP/1.1" 200 24468
"GET /static/assets/js/plugins/jquery.elevatezoom.js HTTP/1.1" 200 78877
"GET /static/assets/js/shop.js HTTP/1.1" 200 3918
"GET /static/assets/js/function.js HTTP/1.1" 200 17810
"GET /static/assets/js/infinite-scroll.js HTTP/1.1" 200 6262
"GET /media/category/1_18.jpg HTTP/1.1" 200 75436
"GET /media/category/1_14.jpg HTTP/1.1" 200 10233
"GET /media/category/4_9.jpg HTTP/1.1" 200 24278
"GET /media/category/1_34.jpg HTTP/1.1" 200 37378
"GET /static/assets/imgs/theme/icons/icon-1.svg HTTP/1.1" 200 5445
"GET /static/assets/imgs/theme/icons/icon-2.svg HTTP/1.1" 200 11526
"GET /static/assets/imgs/theme/icons/icon-3.svg HTTP/1.1" 200 3073
"GET /static/assets/imgs/theme/icons/icon-4.svg HTTP/1.1" 200 5390
"GET /static/assets/imgs/theme/icons/icon-headphone.svg HTTP/1.1" 200 1251
"GET /static/assets/imgs/theme/icons/icon-facebook-white.svg HTTP/1.1" 200 495
"GET /static/assets/imgs/theme/icons/icon-twitter-white.svg HTTP/1.1" 200 1507
"GET /static/assets/imgs/theme/icons/icon-instagram-white.svg HTTP/1.1" 200 743
"GET /static/assets/imgs/theme/icons/icon-pinterest-white.svg HTTP/1.1" 200 539
"GET /static/assets/imgs/theme/icons/icon-youtube-white.svg HTTP/1.1" 200 379
"GET /media/user_1/LNRS_Provider-Circle_png_dDPOUk5.png HTTP/1.1" 200 163824
"GET /media/user_1/1_41.jpg HTTP/1.1" 200 21376
"GET /media/user_1/1_29_mi5DLKk.jpg HTTP/1.1" 200 45702
"GET /media/user_1/Coffee-Makers.png HTTP/1.1" 200 25572
"GET /media/user_1/17031905870118bacad0dfcc64cd7a43a3b68796f5795_2.webp HTTP/1.1" 200 24120
"GET /media/user_1/1_31.jpg HTTP/1.1" 200 36095
"GET /media/user_1/1_29.jpg HTTP/1.1" 200 45702
"GET /media/user_1/1_43.jpg HTTP/1.1" 200 8399
"GET /media/user_1/1_35.jpg HTTP/1.1" 200 33614
"GET /media/user_1/1_24.jpg HTTP/1.1" 200 59772
"GET /media/user_1/5_4.jpg HTTP/1.1" 200 30472
"GET /media/user_1/1_37.jpg HTTP/1.1" 200 9574
"GET /media/user_1/China_Town_M.jpg HTTP/1.1" 200 177124
"GET /media/user_1/5_8.jpg HTTP/1.1" 200 25606
"GET /media/user_1/251120102231_0ea85c5ca7ec80d60ef005251bcc7b31.webp HTTP/1.1" 200 22570
"GET /media/user_1/1_10.jpg HTTP/1.1" 200 57819
"GET /media/user_1/2_18.jpg HTTP/1.1" 200 28986
"GET /media/user_1/3_21_8Q5HRjl.jpg HTTP/1.1" 200 20020
"GET /media/user_1/Mixers_ERoTWNY.png HTTP/1.1" 200 27798
"GET /media/user_1/1_40.jpg HTTP/1.1" 200 12280
"GET /static/assets/fonts/uicons/uicons-regular-straight.woff2 HTTP/1.1" 200 31072
"GET /static/assets/imgs/theme/icons/icon-location.svg HTTP/1.1" 200 1935
"GET /static/assets/imgs/theme/icons/icon-6.svg HTTP/1.1" 200 6940
"GET /static/assets/imgs/theme/icons/icon-5.svg HTTP/1.1" 200 4089
"GET /static/assets/imgs/theme/icons/icon-contact.svg HTTP/1.1" 200 1550
"GET /static/assets/imgs/theme/icons/icon-clock.svg HTTP/1.1" 200 1241
"GET /static/assets/imgs/theme/icons/icon-email-2.svg HTTP/1.1" 200 977
"GET /static/assets/imgs/theme/icons/phone-call.svg HTTP/1.1" 200 2918
"GET /static/assets/imgs/page/Flogo.png HTTP/1.1" 200 130746
"GET /static/assets/imgs/theme/icons/search.png HTTP/1.1" 404 2029
"GET /static/assets/imgs/banner/banner-22.png HTTP/1.1" 200 940183
"GET /static/assets/imgs/theme/icons/icon-plane.png HTTP/1.1" 200 3150
"GET /static/assets/imgs/banner/banner-10.png HTTP/1.1" 200 28409
Internal Server Error: /promotions/
Traceback (most recent call last):
  File "D:\ecommerce\env\Lib\site-packages\django\core\handlers\exception.py", line 55, in inner
    response = get_response(request)
               ^^^^^^^^^^^^^^^^^^^^^
  File "D:\ecommerce\env\Lib\site-packages\django\core\handlers\base.py", line 197, in _get_response
    response = wrapped_callback(request, *callback_args, **callback_kwargs)
               ^^^^^^^^^^^^^^^^^^^^^^^^^^^^^^^^^^^^^^^^^^^^^^^^^^^^^^^^^^^^
  File "D:\ecommerce\ecomm\core\views.py", line 1378, in promotions
    discounted_products = Product.objects.filter(
                          ^^^^^^^^^^^^^^^^^^^^^^^
  File "D:\ecommerce\env\Lib\site-packages\django\db\models\manager.py", line 87, in manager_method
    return getattr(self.get_queryset(), name)(*args, **kwargs)
           ^^^^^^^^^^^^^^^^^^^^^^^^^^^^^^^^^^^^^^^^^^^^^^^^^^^
  File "D:\ecommerce\env\Lib\site-packages\django\db\models\query.py", line 1493, in filter
    return self._filter_or_exclude(False, args, kwargs)
           ^^^^^^^^^^^^^^^^^^^^^^^^^^^^^^^^^^^^^^^^^^^^
  File "D:\ecommerce\env\Lib\site-packages\django\db\models\query.py", line 1511, in _filter_or_exclude
    clone._filter_or_exclude_inplace(negate, args, kwargs)
  File "D:\ecommerce\env\Lib\site-packages\django\db\models\query.py", line 1518, in _filter_or_exclude_inplace
    self._query.add_q(Q(*args, **kwargs))
  File "D:\ecommerce\env\Lib\site-packages\django\db\models\sql\query.py", line 1646, in add_q
    clause, _ = self._add_q(q_object, can_reuse)
                ^^^^^^^^^^^^^^^^^^^^^^^^^^^^^^^^
  File "D:\ecommerce\env\Lib\site-packages\django\db\models\sql\query.py", line 1678, in _add_q
    child_clause, needed_inner = self.build_filter(
                                 ^^^^^^^^^^^^^^^^^^
  File "D:\ecommerce\env\Lib\site-packages\django\db\models\sql\query.py", line 1588, in build_filter
    condition = self.build_lookup(lookups, col, value)
                ^^^^^^^^^^^^^^^^^^^^^^^^^^^^^^^^^^^^^^
  File "D:\ecommerce\env\Lib\site-packages\django\db\models\sql\query.py", line 1415, in build_lookup
    lookup = lookup_class(lhs, rhs)
             ^^^^^^^^^^^^^^^^^^^^^^
  File "D:\ecommerce\env\Lib\site-packages\django\db\models\lookups.py", line 38, in __init__
    self.rhs = self.get_prep_lookup()
               ^^^^^^^^^^^^^^^^^^^^^^
  File "D:\ecommerce\env\Lib\site-packages\django\db\models\lookups.py", line 410, in get_prep_lookup
    return super().get_prep_lookup()
           ^^^^^^^^^^^^^^^^^^^^^^^^^
  File "D:\ecommerce\env\Lib\site-packages\django\db\models\lookups.py", line 96, in get_prep_lookup
    return self.lhs.output_field.get_prep_value(self.rhs)
           ^^^^^^^^^^^^^^^^^^^^^^^^^^^^^^^^^^^^^^^^^^^^^^
  File "D:\ecommerce\env\Lib\site-packages\django\db\models\fields\__init__.py", line 1190, in get_prep_value
    return self.to_python(value)
           ^^^^^^^^^^^^^^^^^^^^^
  File "D:\ecommerce\env\Lib\site-packages\django\db\models\fields\__init__.py", line 1180, in to_python
    raise exceptions.ValidationError(
django.core.exceptions.ValidationError: ['published value must be either True or False.']
"GET /promotions/ HTTP/1.1" 500 141206
Not Found: /favicon.ico
"GET /favicon.ico HTTP/1.1" 404 13151
D:\ecommerce\ecomm\core\views.py changed, reloading.
Watching for file changes with StatReloader
D:\ecommerce\ecomm\core\views.py changed, reloading.
Watching for file changes with StatReloader
Internal Server Error: /promotions/
Traceback (most recent call last):
  File "D:\ecommerce\env\Lib\site-packages\django\core\handlers\exception.py", line 55, in inner
    response = get_response(request)
               ^^^^^^^^^^^^^^^^^^^^^
  File "D:\ecommerce\env\Lib\site-packages\django\core\handlers\base.py", line 197, in _get_response
    response = wrapped_callback(request, *callback_args, **callback_kwargs)
               ^^^^^^^^^^^^^^^^^^^^^^^^^^^^^^^^^^^^^^^^^^^^^^^^^^^^^^^^^^^^
  File "D:\ecommerce\ecomm\core\views.py", line 1378, in promotions
    discounted_products = Product.objects.filter(
                          ^^^^^^^^^^^^^^^^^^^^^^^
  File "D:\ecommerce\env\Lib\site-packages\django\db\models\manager.py", line 87, in manager_method
    return getattr(self.get_queryset(), name)(*args, **kwargs)
           ^^^^^^^^^^^^^^^^^^^^^^^^^^^^^^^^^^^^^^^^^^^^^^^^^^^
  File "D:\ecommerce\env\Lib\site-packages\django\db\models\query.py", line 1493, in filter
    return self._filter_or_exclude(False, args, kwargs)
           ^^^^^^^^^^^^^^^^^^^^^^^^^^^^^^^^^^^^^^^^^^^^
  File "D:\ecommerce\env\Lib\site-packages\django\db\models\query.py", line 1511, in _filter_or_exclude
    clone._filter_or_exclude_inplace(negate, args, kwargs)
  File "D:\ecommerce\env\Lib\site-packages\django\db\models\query.py", line 1518, in _filter_or_exclude_inplace
    self._query.add_q(Q(*args, **kwargs))
  File "D:\ecommerce\env\Lib\site-packages\django\db\models\sql\query.py", line 1646, in add_q
    clause, _ = self._add_q(q_object, can_reuse)
                ^^^^^^^^^^^^^^^^^^^^^^^^^^^^^^^^
  File "D:\ecommerce\env\Lib\site-packages\django\db\models\sql\query.py", line 1678, in _add_q
    child_clause, needed_inner = self.build_filter(
                                 ^^^^^^^^^^^^^^^^^^
  File "D:\ecommerce\env\Lib\site-packages\django\db\models\sql\query.py", line 1526, in build_filter
    lookups, parts, reffed_expression = self.solve_lookup_type(arg, summarize)
                                        ^^^^^^^^^^^^^^^^^^^^^^^^^^^^^^^^^^^^^^
  File "D:\ecommerce\env\Lib\site-packages\django\db\models\sql\query.py", line 1333, in solve_lookup_type
    _, field, _, lookup_parts = self.names_to_path(lookup_splitted, self.get_meta())
                                ^^^^^^^^^^^^^^^^^^^^^^^^^^^^^^^^^^^^^^^^^^^^^^^^^^^^
  File "D:\ecommerce\env\Lib\site-packages\django\db\models\sql\query.py", line 1806, in names_to_path
    raise FieldError(
django.core.exceptions.FieldError: Cannot resolve keyword 'published' into field. Choices are: available_colors, available_sizes, cartorderitems, date, deal_end_date, description, digital, featured, has_deal, has_variations, id, image, in_stock, mini_subcategory, mini_subcategory_id, old_price, p_images, pid, price, product_status, productview, reviews, sku, specifications, status, stock_count, tagged_items, tags, title, type, updated, user, user_id, variations, vendor, vendor_id, wishlist_model
"GET /promotions/ HTTP/1.1" 500 126620
Not Found: /favicon.ico
"GET /favicon.ico HTTP/1.1" 404 13151
D:\ecommerce\ecomm\core\views.py changed, reloading.
Watching for file changes with StatReloader
D:\ecommerce\ecomm\core\views.py changed, reloading.
Watching for file changes with StatReloader
D:\ecommerce\ecomm\core\views.py changed, reloading.
Watching for file changes with StatReloader
D:\ecommerce\ecomm\core\views.py changed, reloading.
Watching for file changes with StatReloader
Internal Server Error: /promotions/
Traceback (most recent call last):
  File "D:\ecommerce\env\Lib\site-packages\django\core\handlers\exception.py", line 55, in inner
    response = get_response(request)
               ^^^^^^^^^^^^^^^^^^^^^
  File "D:\ecommerce\env\Lib\site-packages\django\core\handlers\base.py", line 197, in _get_response
    response = wrapped_callback(request, *callback_args, **callback_kwargs)
               ^^^^^^^^^^^^^^^^^^^^^^^^^^^^^^^^^^^^^^^^^^^^^^^^^^^^^^^^^^^^
  File "D:\ecommerce\ecomm\core\views.py", line 1378, in promotions
    discounted_products = Product.objects.filter(
                          ^^^^^^^^^^^^^^^^^^^^^^^
  File "D:\ecommerce\env\Lib\site-packages\django\db\models\manager.py", line 87, in manager_method
    return getattr(self.get_queryset(), name)(*args, **kwargs)
           ^^^^^^^^^^^^^^^^^^^^^^^^^^^^^^^^^^^^^^^^^^^^^^^^^^^
  File "D:\ecommerce\env\Lib\site-packages\django\db\models\query.py", line 1493, in filter
    return self._filter_or_exclude(False, args, kwargs)
           ^^^^^^^^^^^^^^^^^^^^^^^^^^^^^^^^^^^^^^^^^^^^
  File "D:\ecommerce\env\Lib\site-packages\django\db\models\query.py", line 1511, in _filter_or_exclude
    clone._filter_or_exclude_inplace(negate, args, kwargs)
  File "D:\ecommerce\env\Lib\site-packages\django\db\models\query.py", line 1518, in _filter_or_exclude_inplace
    self._query.add_q(Q(*args, **kwargs))
  File "D:\ecommerce\env\Lib\site-packages\django\db\models\sql\query.py", line 1646, in add_q
    clause, _ = self._add_q(q_object, can_reuse)
                ^^^^^^^^^^^^^^^^^^^^^^^^^^^^^^^^
  File "D:\ecommerce\env\Lib\site-packages\django\db\models\sql\query.py", line 1678, in _add_q
    child_clause, needed_inner = self.build_filter(
                                 ^^^^^^^^^^^^^^^^^^
  File "D:\ecommerce\env\Lib\site-packages\django\db\models\sql\query.py", line 1526, in build_filter
    lookups, parts, reffed_expression = self.solve_lookup_type(arg, summarize)
                                        ^^^^^^^^^^^^^^^^^^^^^^^^^^^^^^^^^^^^^^
  File "D:\ecommerce\env\Lib\site-packages\django\db\models\sql\query.py", line 1333, in solve_lookup_type
    _, field, _, lookup_parts = self.names_to_path(lookup_splitted, self.get_meta())
                                ^^^^^^^^^^^^^^^^^^^^^^^^^^^^^^^^^^^^^^^^^^^^^^^^^^^^
  File "D:\ecommerce\env\Lib\site-packages\django\db\models\sql\query.py", line 1806, in names_to_path
    raise FieldError(
django.core.exceptions.FieldError: Cannot resolve keyword 'published' into field. Choices are: available_colors, available_sizes, cartorderitems, date, deal_end_date, description, digital, featured, has_deal, has_variations, id, image, in_stock, mini_subcategory, mini_subcategory_id, old_price, p_images, pid, price, product_status, productview, reviews, sku, specifications, status, stock_count, tagged_items, tags, title, type, updated, user, user_id, variations, vendor, vendor_id, wishlist_model
"GET /promotions/ HTTP/1.1" 500 126209
Not Found: /favicon.ico
"GET /favicon.ico HTTP/1.1" 404 13151
D:\ecommerce\ecomm\core\views.py changed, reloading.
Watching for file changes with StatReloader
D:\ecommerce\ecomm\core\views.py changed, reloading.
Watching for file changes with StatReloader
D:\ecommerce\ecomm\core\views.py changed, reloading.
Watching for file changes with StatReloader
D:\ecommerce\ecomm\core\views.py changed, reloading.
Watching for file changes with StatReloader
"GET /promotions/ HTTP/1.1" 200 216944
"GET /static/assets/css/plugins/slider-range.css HTTP/1.1" 200 2718
"GET /static/assets/imgs/theme/icons/icon-heart.svg HTTP/1.1" 200 1322
"GET /static/assets/css/main.css HTTP/1.1" 200 253994
"GET /static/assets/imgs/page/Hlogo.png HTTP/1.1" 200 165299
"GET /static/assets/css/custom.css HTTP/1.1" 200 5210
"GET /static/assets/imgs/theme/icons/icon-cart.svg HTTP/1.1" 200 1378
"GET /static/assets/css/vendors/normalize.css HTTP/1.1" 200 6371
"GET /static/assets/css/plugins/select2.min.css HTTP/1.1" 200 10532
"GET /static/assets/css/plugins/slick.css HTTP/1.1" 200 1949
"GET /static/assets/css/plugins/magnific-popup.css HTTP/1.1" 200 7306
"GET /static/assets/css/vendors/uicons-regular-straight.css HTTP/1.1" 200 18701
"GET /static/assets/css/plugins/perfect-scrollbar.css HTTP/1.1" 200 2702
"GET /static/assets/imgs/theme/icons/icon-user.svg HTTP/1.1" 200 1771
"GET /static/assets/css/vendors/bootstrap.min.css HTTP/1.1" 200 204203
"GET /static/assets/js/vendor/modernizr-3.6.0.min.js HTTP/1.1" 200 17315
"GET /media/category/Lucid_Origin_A_clean_modern_display_layout_featuring_a_variety_3_1_YtidKKl.jpg HTTP/1.1" 200 701259
"GET /static/assets/js/vendor/jquery-migrate-3.3.0.min.js HTTP/1.1" 200 16151
"GET /static/assets/js/vendor/jquery-3.6.0.min.js HTTP/1.1" 200 154196
"GET /static/assets/js/vendor/bootstrap.bundle.min.js HTTP/1.1" 200 138686
"GET /static/assets/js/plugins/slick.js HTTP/1.1" 200 55958
"GET /static/assets/js/plugins/jquery.syotimer.min.js HTTP/1.1" 200 9981
"GET /static/assets/js/plugins/wow.js HTTP/1.1" 200 12009
"GET /static/assets/js/plugins/perfect-scrollbar.js HTTP/1.1" 200 45974
"GET /static/assets/js/plugins/slider-range.js HTTP/1.1" 200 76783
"GET /static/assets/js/plugins/magnific-popup.js HTTP/1.1" 200 34782
"GET /static/assets/js/plugins/select2.min.js HTTP/1.1" 200 131250
"GET /static/assets/js/plugins/waypoints.js HTTP/1.1" 200 12878
"GET /static/assets/js/plugins/counterup.js HTTP/1.1" 200 2034
"GET /static/assets/js/plugins/jquery.countdown.min.js HTTP/1.1" 200 7241
"GET /static/assets/js/plugins/images-loaded.js HTTP/1.1" 200 7454
"GET /static/assets/js/plugins/scrollup.js HTTP/1.1" 200 2761
"GET /static/assets/js/plugins/isotope.js HTTP/1.1" 200 50244
"GET /static/assets/js/plugins/jquery.vticker-min.js HTTP/1.1" 200 4028
"GET /static/assets/js/plugins/jquery.theia.sticky.js HTTP/1.1" 200 16507
"GET /static/assets/js/main.js HTTP/1.1" 200 24468
"GET /static/assets/js/plugins/jquery.elevatezoom.js HTTP/1.1" 200 78877
"GET /static/assets/js/shop.js HTTP/1.1" 200 3918
"GET /static/assets/js/function.js HTTP/1.1" 200 17810
"GET /static/assets/js/infinite-scroll.js HTTP/1.1" 200 6262
"GET /media/category/1_18.jpg HTTP/1.1" 200 75436
"GET /media/category/1_14.jpg HTTP/1.1" 200 10233
"GET /media/category/4_9.jpg HTTP/1.1" 200 24278
"GET /media/category/1_34.jpg HTTP/1.1" 200 37378
"GET /static/assets/imgs/theme/icons/icon-1.svg HTTP/1.1" 200 5445
"GET /static/assets/imgs/theme/icons/icon-2.svg HTTP/1.1" 200 11526
"GET /static/assets/imgs/theme/icons/icon-3.svg HTTP/1.1" 200 3073
"GET /static/assets/imgs/theme/icons/icon-4.svg HTTP/1.1" 200 5390
"GET /static/assets/imgs/theme/icons/icon-headphone.svg HTTP/1.1" 200 1251
"GET /static/assets/imgs/theme/icons/icon-facebook-white.svg HTTP/1.1" 200 495
"GET /static/assets/imgs/theme/icons/icon-twitter-white.svg HTTP/1.1" 200 1507
"GET /static/assets/imgs/theme/icons/icon-instagram-white.svg HTTP/1.1" 200 743
"GET /static/assets/imgs/theme/icons/icon-pinterest-white.svg HTTP/1.1" 200 539
"GET /static/assets/imgs/theme/icons/icon-youtube-white.svg HTTP/1.1" 200 379
"GET /media/user_1/LNRS_Provider-Circle_png_dDPOUk5.png HTTP/1.1" 200 163824
"GET /media/user_1/Mixers_ERoTWNY.png HTTP/1.1" 200 27798
"GET /media/user_1/5_4.jpg HTTP/1.1" 200 30472
"GET /media/user_1/251120102231_0ea85c5ca7ec80d60ef005251bcc7b31.webp HTTP/1.1" 200 22570
"GET /media/user_1/1_24.jpg HTTP/1.1" 200 59772
"GET /media/user_1/1_41.jpg HTTP/1.1" 200 21376
"GET /media/user_1/1_43.jpg HTTP/1.1" 200 8399
"GET /media/user_1/Coffee-Makers.png HTTP/1.1" 200 25572
"GET /media/user_1/5_8.jpg HTTP/1.1" 200 25606
"GET /media/user_1/1_29_mi5DLKk.jpg HTTP/1.1" 200 45702
"GET /media/user_1/1_10.jpg HTTP/1.1" 200 57819
"GET /media/user_1/17031905870118bacad0dfcc64cd7a43a3b68796f5795_2.webp HTTP/1.1" 200 24120
"GET /media/user_1/1_31.jpg HTTP/1.1" 200 36095
"GET /media/user_1/1_29.jpg HTTP/1.1" 200 45702
"GET /media/user_1/1_35.jpg HTTP/1.1" 200 33614
"GET /media/user_1/1_37.jpg HTTP/1.1" 200 9574
"GET /static/assets/fonts/uicons/uicons-regular-straight.woff2 HTTP/1.1" 200 31072
"GET /media/user_1/1_40.jpg HTTP/1.1" 200 12280
"GET /media/user_1/3_21_8Q5HRjl.jpg HTTP/1.1" 200 20020
"GET /media/user_1/2_18.jpg HTTP/1.1" 200 28986
"GET /static/assets/imgs/theme/icons/icon-5.svg HTTP/1.1" 200 4089
"GET /static/assets/imgs/theme/icons/search.png HTTP/1.1" 404 2029
"GET /static/assets/imgs/theme/icons/icon-6.svg HTTP/1.1" 200 6940
"GET /static/assets/imgs/theme/icons/icon-location.svg HTTP/1.1" 200 1935
"GET /static/assets/imgs/theme/icons/icon-contact.svg HTTP/1.1" 200 1550
"GET /media/user_1/China_Town_M.jpg HTTP/1.1" 200 177124
"GET /static/assets/imgs/theme/icons/icon-email-2.svg HTTP/1.1" 200 977
"GET /static/assets/imgs/theme/icons/icon-clock.svg HTTP/1.1" 200 1241
"GET /static/assets/imgs/theme/icons/phone-call.svg HTTP/1.1" 200 2918
"GET /static/assets/imgs/page/Flogo.png HTTP/1.1" 200 130746
"GET /static/assets/imgs/theme/icons/icon-plane.png HTTP/1.1" 200 3150
"GET /static/assets/imgs/banner/banner-10.png HTTP/1.1" 200 28409
"GET /static/assets/imgs/banner/banner-22.png HTTP/1.1" 200 940183
"GET /product/3f143hg2ag/ HTTP/1.1" 200 223702
"GET /static/assets/imgs/theme/icons/search.png HTTP/1.1" 404 2029
"GET /media/product-images/2_17.jpg HTTP/1.1" 200 57277
"GET /media/product-images/3_16.jpg HTTP/1.1" 200 58446
"GET /promotions/ HTTP/1.1" 200 216944
"GET /static/assets/imgs/theme/icons/search.png HTTP/1.1" 404 2029
"GET /product/423f1c44d1/ HTTP/1.1" 200 216296
"GET /static/assets/imgs/theme/icons/search.png HTTP/1.1" 404 2029
"GET /our-suppliers/ HTTP/1.1" 200 205150
"GET /static/assets/imgs/theme/icons/search.png HTTP/1.1" 404 2029
D:\ecommerce\ecomm\core\views.py changed, reloading.
Watching for file changes with StatReloader
D:\ecommerce\ecomm\core\views.py changed, reloading.
Watching for file changes with StatReloader
D:\ecommerce\ecomm\core\views.py changed, reloading.
Watching for file changes with StatReloader
"GET /our-suppliers/ HTTP/1.1" 200 205190
"GET /static/assets/imgs/theme/icons/search.png HTTP/1.1" 404 2029
D:\ecommerce\ecomm\core\views.py changed, reloading.
Watching for file changes with StatReloader
"GET /our-suppliers/ HTTP/1.1" 200 204949
"GET /static/assets/imgs/theme/icons/search.png HTTP/1.1" 404 2029
"GET /our-suppliers/ HTTP/1.1" 200 204949
"GET /static/assets/imgs/theme/icons/search.png HTTP/1.1" 404 2029
"GET /our-suppliers/ HTTP/1.1" 200 204951
"GET /static/assets/css/plugins/slider-range.css HTTP/1.1" 200 2718
"GET /static/assets/css/custom.css HTTP/1.1" 200 5210
"GET /static/assets/imgs/theme/icons/icon-heart.svg HTTP/1.1" 200 1322
"GET /static/assets/imgs/theme/icons/icon-cart.svg HTTP/1.1" 200 1378
"GET /static/assets/imgs/theme/icons/icon-user.svg HTTP/1.1" 200 1771
"GET /static/assets/css/main.css HTTP/1.1" 200 253994
"GET /static/assets/css/vendors/normalize.css HTTP/1.1" 200 6371
"GET /static/assets/css/plugins/magnific-popup.css HTTP/1.1" 200 7306
"GET /static/assets/css/plugins/slick.css HTTP/1.1" 200 1949
"GET /static/assets/css/vendors/uicons-regular-straight.css HTTP/1.1" 200 18701
"GET /media/category/Lucid_Origin_A_clean_modern_display_layout_featuring_a_variety_3_1_YtidKKl.jpg HTTP/1.1" 200 701259
"GET /static/assets/css/plugins/select2.min.css HTTP/1.1" 200 10532
"GET /static/assets/css/vendors/bootstrap.min.css HTTP/1.1" 200 204203
"GET /static/assets/css/plugins/perfect-scrollbar.css HTTP/1.1" 200 2702
"GET /static/assets/imgs/page/Hlogo.png HTTP/1.1" 200 165299
"GET /static/assets/js/vendor/modernizr-3.6.0.min.js HTTP/1.1" 200 17315
"GET /static/assets/js/vendor/jquery-3.6.0.min.js HTTP/1.1" 200 154196
"GET /static/assets/js/vendor/jquery-migrate-3.3.0.min.js HTTP/1.1" 200 16151
"GET /static/assets/js/plugins/slick.js HTTP/1.1" 200 55958
"GET /static/assets/js/vendor/bootstrap.bundle.min.js HTTP/1.1" 200 138686
"GET /static/assets/js/plugins/jquery.syotimer.min.js HTTP/1.1" 200 9981
"GET /static/assets/js/plugins/wow.js HTTP/1.1" 200 12009
"GET /static/assets/js/plugins/slider-range.js HTTP/1.1" 200 76783
"GET /static/assets/js/plugins/perfect-scrollbar.js HTTP/1.1" 200 45974
"GET /static/assets/js/plugins/magnific-popup.js HTTP/1.1" 200 34782
"GET /static/assets/js/plugins/select2.min.js HTTP/1.1" 200 131250
"GET /static/assets/js/plugins/counterup.js HTTP/1.1" 200 2034
"GET /static/assets/js/plugins/waypoints.js HTTP/1.1" 200 12878
"GET /static/assets/js/plugins/images-loaded.js HTTP/1.1" 200 7454
"GET /static/assets/js/plugins/jquery.countdown.min.js HTTP/1.1" 200 7241
"GET /static/assets/js/plugins/scrollup.js HTTP/1.1" 200 2761
"GET /static/assets/js/plugins/jquery.vticker-min.js HTTP/1.1" 200 4028
"GET /static/assets/js/plugins/jquery.theia.sticky.js HTTP/1.1" 200 16507
"GET /static/assets/js/plugins/jquery.elevatezoom.js HTTP/1.1" 200 78877
"GET /static/assets/js/plugins/isotope.js HTTP/1.1" 200 50244
"GET /static/assets/js/shop.js HTTP/1.1" 200 3918
"GET /static/assets/js/function.js HTTP/1.1" 200 17810
"GET /static/assets/js/main.js HTTP/1.1" 200 24468
"GET /static/assets/js/infinite-scroll.js HTTP/1.1" 200 6262
"GET /media/category/1_18.jpg HTTP/1.1" 200 75436
"GET /media/category/1_14.jpg HTTP/1.1" 200 10233
"GET /media/category/4_9.jpg HTTP/1.1" 200 24278
"GET /media/category/1_34.jpg HTTP/1.1" 200 37378
"GET /static/assets/imgs/theme/icons/icon-1.svg HTTP/1.1" 200 5445
"GET /static/assets/imgs/theme/icons/icon-2.svg HTTP/1.1" 200 11526
"GET /static/assets/imgs/theme/icons/icon-3.svg HTTP/1.1" 200 3073
"GET /static/assets/imgs/theme/icons/icon-4.svg HTTP/1.1" 200 5390
"GET /static/assets/imgs/theme/icons/icon-headphone.svg HTTP/1.1" 200 1251
"GET /static/assets/imgs/theme/icons/icon-facebook-white.svg HTTP/1.1" 200 495
"GET /static/assets/imgs/theme/icons/icon-twitter-white.svg HTTP/1.1" 200 1507
"GET /static/assets/imgs/theme/icons/icon-instagram-white.svg HTTP/1.1" 200 743
"GET /static/assets/imgs/theme/icons/icon-pinterest-white.svg HTTP/1.1" 200 539
"GET /static/assets/imgs/theme/icons/icon-youtube-white.svg HTTP/1.1" 200 379
"GET /media/user_1/LNRS_Provider-Circle_png_dDPOUk5.png HTTP/1.1" 200 163824
"GET /media/user_1/1_41.jpg HTTP/1.1" 200 21376
"GET /media/user_1/1_29_mi5DLKk.jpg HTTP/1.1" 200 45702
"GET /media/user_1/Coffee-Makers.png HTTP/1.1" 200 25572
"GET /media/user_1/17031905870118bacad0dfcc64cd7a43a3b68796f5795_2.webp HTTP/1.1" 200 24120
"GET /media/user_1/1_31.jpg HTTP/1.1" 200 36095
"GET /media/user_1/1_29.jpg HTTP/1.1" 200 45702
"GET /media/user_1/1_43.jpg HTTP/1.1" 200 8399
"GET /media/user_1/1_35.jpg HTTP/1.1" 200 33614
"GET /media/user_1/1_24.jpg HTTP/1.1" 200 59772
"GET /media/user_1/5_4.jpg HTTP/1.1" 200 30472
"GET /media/user_1/1_37.jpg HTTP/1.1" 200 9574
"GET /media/user_1/China_Town_M.jpg HTTP/1.1" 200 177124
"GET /media/user_1/1_10.jpg HTTP/1.1" 200 57819
"GET /media/user_1/2_18.jpg HTTP/1.1" 200 28986
"GET /media/user_1/251120102231_0ea85c5ca7ec80d60ef005251bcc7b31.webp HTTP/1.1" 200 22570
"GET /media/user_1/5_8.jpg HTTP/1.1" 200 25606
"GET /media/user_1/Mixers_ERoTWNY.png HTTP/1.1" 200 27798
"GET /media/user_1/3_21_8Q5HRjl.jpg HTTP/1.1" 200 20020
"GET /media/user_1/1_40.jpg HTTP/1.1" 200 12280
"GET /static/assets/imgs/banner/banner-22.png HTTP/1.1" 200 940183
"GET /static/assets/imgs/theme/icons/icon-5.svg HTTP/1.1" 200 4089
"GET /static/assets/imgs/theme/icons/icon-6.svg HTTP/1.1" 200 6940
"GET /static/assets/imgs/page/Flogo.png HTTP/1.1" 200 130746
"GET /static/assets/imgs/theme/icons/icon-location.svg HTTP/1.1" 200 1935
"GET /static/assets/imgs/theme/icons/icon-contact.svg HTTP/1.1" 200 1550
"GET /static/assets/imgs/theme/icons/icon-email-2.svg HTTP/1.1" 200 977
"GET /static/assets/imgs/theme/icons/icon-clock.svg HTTP/1.1" 200 1241
"GET /static/assets/imgs/theme/icons/phone-call.svg HTTP/1.1" 200 2918
"GET /static/assets/imgs/theme/icons/search.png HTTP/1.1" 404 2029
"GET /static/assets/imgs/theme/icons/icon-plane.png HTTP/1.1" 200 3150
"GET /static/assets/imgs/banner/banner-10.png HTTP/1.1" 200 28409
"GET /static/assets/fonts/uicons/uicons-regular-straight.woff2 HTTP/1.1" 200 31072
"GET /static/assets/imgs/page/Flogo.png HTTP/1.1" 200 130746
"GET /our-suppliers/ HTTP/1.1" 200 204951
"GET /static/assets/css/plugins/slider-range.css HTTP/1.1" 200 2718
"GET /static/assets/css/custom.css HTTP/1.1" 200 5210
"GET /static/assets/imgs/theme/icons/icon-heart.svg HTTP/1.1" 200 1322
"GET /static/assets/imgs/page/Hlogo.png HTTP/1.1" 200 165299
"GET /static/assets/css/main.css HTTP/1.1" 200 253994
"GET /static/assets/imgs/theme/icons/icon-cart.svg HTTP/1.1" 200 1378
"GET /static/assets/css/plugins/slick.css HTTP/1.1" 200 1949
"GET /static/assets/css/plugins/magnific-popup.css HTTP/1.1" 200 7306
"GET /static/assets/css/vendors/normalize.css HTTP/1.1" 200 6371
"GET /static/assets/css/vendors/uicons-regular-straight.css HTTP/1.1" 200 18701
"GET /static/assets/css/plugins/select2.min.css HTTP/1.1" 200 10532
"GET /static/assets/css/plugins/perfect-scrollbar.css HTTP/1.1" 200 2702
"GET /static/assets/imgs/theme/icons/icon-user.svg HTTP/1.1" 200 1771
Not Found: /favicon.ico
"GET /static/assets/css/vendors/bootstrap.min.css HTTP/1.1" 200 204203
"GET /static/assets/js/vendor/modernizr-3.6.0.min.js HTTP/1.1" 200 17315
"GET /favicon.ico HTTP/1.1" 404 13151
"GET /static/assets/js/vendor/jquery-3.6.0.min.js HTTP/1.1" 200 154196
"GET /media/category/Lucid_Origin_A_clean_modern_display_layout_featuring_a_variety_3_1_YtidKKl.jpg HTTP/1.1" 200 701259
"GET /static/assets/js/vendor/jquery-migrate-3.3.0.min.js HTTP/1.1" 200 16151
"GET /static/assets/js/vendor/bootstrap.bundle.min.js HTTP/1.1" 200 138686
"GET /static/assets/js/plugins/slick.js HTTP/1.1" 200 55958
"GET /static/assets/js/plugins/jquery.syotimer.min.js HTTP/1.1" 200 9981
"GET /static/assets/js/plugins/wow.js HTTP/1.1" 200 12009
"GET /static/assets/js/plugins/slider-range.js HTTP/1.1" 200 76783
"GET /static/assets/js/plugins/perfect-scrollbar.js HTTP/1.1" 200 45974
"GET /static/assets/js/plugins/magnific-popup.js HTTP/1.1" 200 34782
"GET /static/assets/js/plugins/select2.min.js HTTP/1.1" 200 131250
"GET /static/assets/js/plugins/waypoints.js HTTP/1.1" 200 12878
"GET /static/assets/js/plugins/counterup.js HTTP/1.1" 200 2034
"GET /static/assets/js/plugins/jquery.countdown.min.js HTTP/1.1" 200 7241
"GET /static/assets/js/plugins/images-loaded.js HTTP/1.1" 200 7454
"GET /static/assets/js/plugins/isotope.js HTTP/1.1" 200 50244
"GET /static/assets/js/plugins/scrollup.js HTTP/1.1" 200 2761
"GET /static/assets/js/plugins/jquery.vticker-min.js HTTP/1.1" 200 4028
"GET /static/assets/js/plugins/jquery.theia.sticky.js HTTP/1.1" 200 16507
"GET /static/assets/js/plugins/jquery.elevatezoom.js HTTP/1.1" 200 78877
"GET /static/assets/js/shop.js HTTP/1.1" 200 3918
"GET /static/assets/js/main.js HTTP/1.1" 200 24468
"GET /static/assets/js/infinite-scroll.js HTTP/1.1" 200 6262
"GET /static/assets/js/function.js HTTP/1.1" 200 17810
"GET /media/category/1_18.jpg HTTP/1.1" 200 75436
"GET /media/category/1_14.jpg HTTP/1.1" 200 10233
"GET /media/category/4_9.jpg HTTP/1.1" 200 24278
"GET /media/category/1_34.jpg HTTP/1.1" 200 37378
"GET /static/assets/imgs/theme/icons/icon-1.svg HTTP/1.1" 200 5445
"GET /static/assets/imgs/theme/icons/icon-2.svg HTTP/1.1" 200 11526
"GET /static/assets/imgs/theme/icons/icon-3.svg HTTP/1.1" 200 3073
"GET /static/assets/imgs/theme/icons/icon-4.svg HTTP/1.1" 200 5390
"GET /static/assets/imgs/theme/icons/icon-headphone.svg HTTP/1.1" 200 1251
"GET /static/assets/imgs/theme/icons/icon-facebook-white.svg HTTP/1.1" 200 495
"GET /static/assets/imgs/theme/icons/icon-twitter-white.svg HTTP/1.1" 200 1507
"GET /static/assets/imgs/theme/icons/icon-instagram-white.svg HTTP/1.1" 200 743
"GET /static/assets/imgs/theme/icons/icon-pinterest-white.svg HTTP/1.1" 200 539
"GET /static/assets/imgs/theme/icons/icon-youtube-white.svg HTTP/1.1" 200 379
"GET /media/user_1/LNRS_Provider-Circle_png_dDPOUk5.png HTTP/1.1" 200 163824
"GET /media/user_1/1_41.jpg HTTP/1.1" 200 21376
"GET /media/user_1/1_29_mi5DLKk.jpg HTTP/1.1" 200 45702
"GET /media/user_1/Coffee-Makers.png HTTP/1.1" 200 25572
"GET /media/user_1/17031905870118bacad0dfcc64cd7a43a3b68796f5795_2.webp HTTP/1.1" 200 24120
"GET /media/user_1/1_31.jpg HTTP/1.1" 200 36095
"GET /media/user_1/1_29.jpg HTTP/1.1" 200 45702
"GET /media/user_1/1_43.jpg HTTP/1.1" 200 8399
"GET /media/user_1/1_35.jpg HTTP/1.1" 200 33614
"GET /media/user_1/1_24.jpg HTTP/1.1" 200 59772
"GET /media/user_1/5_4.jpg HTTP/1.1" 200 30472
"GET /media/user_1/1_37.jpg HTTP/1.1" 200 9574
"GET /media/user_1/China_Town_M.jpg HTTP/1.1" 200 177124
"GET /media/user_1/1_10.jpg HTTP/1.1" 200 57819
"GET /media/user_1/2_18.jpg HTTP/1.1" 200 28986
"GET /media/user_1/251120102231_0ea85c5ca7ec80d60ef005251bcc7b31.webp HTTP/1.1" 200 22570
"GET /media/user_1/5_8.jpg HTTP/1.1" 200 25606
"GET /media/user_1/Mixers_ERoTWNY.png HTTP/1.1" 200 27798
"GET /media/user_1/3_21_8Q5HRjl.jpg HTTP/1.1" 200 20020
"GET /media/user_1/1_40.jpg HTTP/1.1" 200 12280
"GET /static/assets/imgs/banner/banner-22.png HTTP/1.1" 200 940183
"GET /static/assets/imgs/theme/icons/icon-5.svg HTTP/1.1" 200 4089
"GET /static/assets/imgs/theme/icons/icon-6.svg HTTP/1.1" 200 6940
"GET /static/assets/imgs/page/Flogo.png HTTP/1.1" 200 130746
"GET /static/assets/imgs/theme/icons/icon-location.svg HTTP/1.1" 200 1935
"GET /static/assets/imgs/theme/icons/icon-contact.svg HTTP/1.1" 200 1550
"GET /static/assets/imgs/theme/icons/icon-email-2.svg HTTP/1.1" 200 977
"GET /static/assets/imgs/theme/icons/icon-clock.svg HTTP/1.1" 200 1241
"GET /static/assets/imgs/theme/icons/phone-call.svg HTTP/1.1" 200 2918
"GET /static/assets/imgs/theme/icons/search.png HTTP/1.1" 404 2029
"GET /static/assets/css/plugins/slider-range.css HTTP/1.1" 200 2718
"GET /static/assets/css/custom.css HTTP/1.1" 200 5210
"GET /static/assets/css/main.css HTTP/1.1" 200 253994
"GET /static/assets/imgs/page/Flogo.png HTTP/1.1" 200 130746
Not Found: /our-suppliers/{% url "userauths:sign-up" %}
"GET /our-suppliers/%7B%%20url%20%22userauths:sign-up%22%20%%7D?type=vendor HTTP/1.1" 404 13297
Not Found: /our-suppliers/{% url "userauths:sign-up" %}
- Broken pipe from ('127.0.0.1', 53824)
Not Found: /our-suppliers/{% url "userauths:sign-up" %}
"GET /our-suppliers/%7B%%20url%20%22userauths:sign-up%22%20%%7D?type=vendor HTTP/1.1" 404 13297
"GET /our-suppliers/ HTTP/1.1" 200 204951
"GET /static/assets/imgs/theme/icons/search.png HTTP/1.1" 404 2029
Internal Server Error: /our-suppliers/
Traceback (most recent call last):
  File "D:\ecommerce\env\Lib\site-packages\django\urls\base.py", line 81, in reverse
    extra, resolver = resolver.namespace_dict[ns]
                      ~~~~~~~~~~~~~~~~~~~~~~~^^^^
KeyError: 'usersuths'

During handling of the above exception, another exception occurred:

Traceback (most recent call last):
  File "D:\ecommerce\env\Lib\site-packages\django\core\handlers\exception.py", line 55, in inner
    response = get_response(request)
               ^^^^^^^^^^^^^^^^^^^^^
  File "D:\ecommerce\env\Lib\site-packages\django\core\handlers\base.py", line 197, in _get_response
    response = wrapped_callback(request, *callback_args, **callback_kwargs)
               ^^^^^^^^^^^^^^^^^^^^^^^^^^^^^^^^^^^^^^^^^^^^^^^^^^^^^^^^^^^^
  File "D:\ecommerce\ecomm\core\views.py", line 1336, in our_suppliers
  File "D:\ecommerce\env\Lib\site-packages\django\shortcuts.py", line 25, in render
    content = loader.render_to_string(template_name, context, request, using=using)
              ^^^^^^^^^^^^^^^^^^^^^^^^^^^^^^^^^^^^^^^^^^^^^^^^^^^^^^^^^^^^^^^^^^^^^
  File "D:\ecommerce\env\Lib\site-packages\django\template\loader.py", line 62, in render_to_string
    return template.render(context, request)
           ^^^^^^^^^^^^^^^^^^^^^^^^^^^^^^^^^
  File "D:\ecommerce\env\Lib\site-packages\django\template\backends\django.py", line 107, in render
    return self.template.render(context)
           ^^^^^^^^^^^^^^^^^^^^^^^^^^^^^
  File "D:\ecommerce\env\Lib\site-packages\django\template\base.py", line 171, in render
    return self._render(context)
           ^^^^^^^^^^^^^^^^^^^^^
  File "D:\ecommerce\env\Lib\site-packages\django\template\base.py", line 163, in _render
    return self.nodelist.render(context)
           ^^^^^^^^^^^^^^^^^^^^^^^^^^^^^
  File "D:\ecommerce\env\Lib\site-packages\django\template\base.py", line 1016, in render
    return SafeString("".join([node.render_annotated(context) for node in self]))
                               ^^^^^^^^^^^^^^^^^^^^^^^^^^^^^^
  File "D:\ecommerce\env\Lib\site-packages\django\template\base.py", line 977, in render_annotated
    return self.render(context)
           ^^^^^^^^^^^^^^^^^^^^
  File "D:\ecommerce\env\Lib\site-packages\django\template\loader_tags.py", line 159, in render
    return compiled_parent._render(context)
           ^^^^^^^^^^^^^^^^^^^^^^^^^^^^^^^^
  File "D:\ecommerce\env\Lib\site-packages\django\template\base.py", line 163, in _render
    return self.nodelist.render(context)
           ^^^^^^^^^^^^^^^^^^^^^^^^^^^^^
  File "D:\ecommerce\env\Lib\site-packages\django\template\base.py", line 1016, in render
    return SafeString("".join([node.render_annotated(context) for node in self]))
                               ^^^^^^^^^^^^^^^^^^^^^^^^^^^^^^
  File "D:\ecommerce\env\Lib\site-packages\django\template\base.py", line 977, in render_annotated
    return self.render(context)
           ^^^^^^^^^^^^^^^^^^^^
  File "D:\ecommerce\env\Lib\site-packages\django\template\loader_tags.py", line 65, in render
    result = block.nodelist.render(context)
             ^^^^^^^^^^^^^^^^^^^^^^^^^^^^^^
  File "D:\ecommerce\env\Lib\site-packages\django\template\base.py", line 1016, in render
    return SafeString("".join([node.render_annotated(context) for node in self]))
                               ^^^^^^^^^^^^^^^^^^^^^^^^^^^^^^
  File "D:\ecommerce\env\Lib\site-packages\django\template\base.py", line 977, in render_annotated
    return self.render(context)
           ^^^^^^^^^^^^^^^^^^^^
  File "D:\ecommerce\env\Lib\site-packages\django\template\defaulttags.py", line 327, in render
    return nodelist.render(context)
           ^^^^^^^^^^^^^^^^^^^^^^^^
  File "D:\ecommerce\env\Lib\site-packages\django\template\base.py", line 1016, in render
    return SafeString("".join([node.render_annotated(context) for node in self]))
                               ^^^^^^^^^^^^^^^^^^^^^^^^^^^^^^
  File "D:\ecommerce\env\Lib\site-packages\django\template\base.py", line 977, in render_annotated
    return self.render(context)
           ^^^^^^^^^^^^^^^^^^^^
  File "D:\ecommerce\env\Lib\site-packages\django\template\defaulttags.py", line 480, in render
    url = reverse(view_name, args=args, kwargs=kwargs, current_app=current_app)
          ^^^^^^^^^^^^^^^^^^^^^^^^^^^^^^^^^^^^^^^^^^^^^^^^^^^^^^^^^^^^^^^^^^^^^
  File "D:\ecommerce\env\Lib\site-packages\django\urls\base.py", line 92, in reverse
    raise NoReverseMatch("%s is not a registered namespace" % key)
django.urls.exceptions.NoReverseMatch: 'usersuths' is not a registered namespace
"GET /our-suppliers/ HTTP/1.1" 500 216183
Internal Server Error: /our-suppliers/
Traceback (most recent call last):
  File "D:\ecommerce\env\Lib\site-packages\django\urls\base.py", line 81, in reverse
    extra, resolver = resolver.namespace_dict[ns]
                      ~~~~~~~~~~~~~~~~~~~~~~~^^^^
KeyError: 'usersuths'

During handling of the above exception, another exception occurred:

Traceback (most recent call last):
  File "D:\ecommerce\env\Lib\site-packages\django\core\handlers\exception.py", line 55, in inner
    response = get_response(request)
               ^^^^^^^^^^^^^^^^^^^^^
  File "D:\ecommerce\env\Lib\site-packages\django\core\handlers\base.py", line 197, in _get_response
    response = wrapped_callback(request, *callback_args, **callback_kwargs)
               ^^^^^^^^^^^^^^^^^^^^^^^^^^^^^^^^^^^^^^^^^^^^^^^^^^^^^^^^^^^^
  File "D:\ecommerce\ecomm\core\views.py", line 1336, in our_suppliers
  File "D:\ecommerce\env\Lib\site-packages\django\shortcuts.py", line 25, in render
    content = loader.render_to_string(template_name, context, request, using=using)
              ^^^^^^^^^^^^^^^^^^^^^^^^^^^^^^^^^^^^^^^^^^^^^^^^^^^^^^^^^^^^^^^^^^^^^
  File "D:\ecommerce\env\Lib\site-packages\django\template\loader.py", line 62, in render_to_string
    return template.render(context, request)
           ^^^^^^^^^^^^^^^^^^^^^^^^^^^^^^^^^
  File "D:\ecommerce\env\Lib\site-packages\django\template\backends\django.py", line 107, in render
    return self.template.render(context)
           ^^^^^^^^^^^^^^^^^^^^^^^^^^^^^
  File "D:\ecommerce\env\Lib\site-packages\django\template\base.py", line 171, in render
    return self._render(context)
           ^^^^^^^^^^^^^^^^^^^^^
  File "D:\ecommerce\env\Lib\site-packages\django\template\base.py", line 163, in _render
    return self.nodelist.render(context)
           ^^^^^^^^^^^^^^^^^^^^^^^^^^^^^
  File "D:\ecommerce\env\Lib\site-packages\django\template\base.py", line 1016, in render
    return SafeString("".join([node.render_annotated(context) for node in self]))
                               ^^^^^^^^^^^^^^^^^^^^^^^^^^^^^^
  File "D:\ecommerce\env\Lib\site-packages\django\template\base.py", line 977, in render_annotated
    return self.render(context)
           ^^^^^^^^^^^^^^^^^^^^
  File "D:\ecommerce\env\Lib\site-packages\django\template\loader_tags.py", line 159, in render
    return compiled_parent._render(context)
           ^^^^^^^^^^^^^^^^^^^^^^^^^^^^^^^^
  File "D:\ecommerce\env\Lib\site-packages\django\template\base.py", line 163, in _render
    return self.nodelist.render(context)
           ^^^^^^^^^^^^^^^^^^^^^^^^^^^^^
  File "D:\ecommerce\env\Lib\site-packages\django\template\base.py", line 1016, in render
    return SafeString("".join([node.render_annotated(context) for node in self]))
                               ^^^^^^^^^^^^^^^^^^^^^^^^^^^^^^
  File "D:\ecommerce\env\Lib\site-packages\django\template\base.py", line 977, in render_annotated
    return self.render(context)
           ^^^^^^^^^^^^^^^^^^^^
  File "D:\ecommerce\env\Lib\site-packages\django\template\loader_tags.py", line 65, in render
    result = block.nodelist.render(context)
             ^^^^^^^^^^^^^^^^^^^^^^^^^^^^^^
  File "D:\ecommerce\env\Lib\site-packages\django\template\base.py", line 1016, in render
    return SafeString("".join([node.render_annotated(context) for node in self]))
                               ^^^^^^^^^^^^^^^^^^^^^^^^^^^^^^
  File "D:\ecommerce\env\Lib\site-packages\django\template\base.py", line 977, in render_annotated
    return self.render(context)
           ^^^^^^^^^^^^^^^^^^^^
  File "D:\ecommerce\env\Lib\site-packages\django\template\defaulttags.py", line 327, in render
    return nodelist.render(context)
           ^^^^^^^^^^^^^^^^^^^^^^^^
  File "D:\ecommerce\env\Lib\site-packages\django\template\base.py", line 1016, in render
    return SafeString("".join([node.render_annotated(context) for node in self]))
                               ^^^^^^^^^^^^^^^^^^^^^^^^^^^^^^
  File "D:\ecommerce\env\Lib\site-packages\django\template\base.py", line 977, in render_annotated
    return self.render(context)
           ^^^^^^^^^^^^^^^^^^^^
  File "D:\ecommerce\env\Lib\site-packages\django\template\defaulttags.py", line 480, in render
    url = reverse(view_name, args=args, kwargs=kwargs, current_app=current_app)
          ^^^^^^^^^^^^^^^^^^^^^^^^^^^^^^^^^^^^^^^^^^^^^^^^^^^^^^^^^^^^^^^^^^^^^
  File "D:\ecommerce\env\Lib\site-packages\django\urls\base.py", line 92, in reverse
    raise NoReverseMatch("%s is not a registered namespace" % key)
django.urls.exceptions.NoReverseMatch: 'usersuths' is not a registered namespace
"GET /our-suppliers/ HTTP/1.1" 500 216300
Not Found: /favicon.ico
"GET /favicon.ico HTTP/1.1" 404 13151
Internal Server Error: /our-suppliers/
Traceback (most recent call last):
  File "D:\ecommerce\env\Lib\site-packages\django\urls\base.py", line 81, in reverse
    extra, resolver = resolver.namespace_dict[ns]
                      ~~~~~~~~~~~~~~~~~~~~~~~^^^^
KeyError: 'usersuths'

During handling of the above exception, another exception occurred:

Traceback (most recent call last):
  File "D:\ecommerce\env\Lib\site-packages\django\core\handlers\exception.py", line 55, in inner
    response = get_response(request)
               ^^^^^^^^^^^^^^^^^^^^^
  File "D:\ecommerce\env\Lib\site-packages\django\core\handlers\base.py", line 197, in _get_response
    response = wrapped_callback(request, *callback_args, **callback_kwargs)
               ^^^^^^^^^^^^^^^^^^^^^^^^^^^^^^^^^^^^^^^^^^^^^^^^^^^^^^^^^^^^
  File "D:\ecommerce\ecomm\core\views.py", line 1336, in our_suppliers
  File "D:\ecommerce\env\Lib\site-packages\django\shortcuts.py", line 25, in render
    content = loader.render_to_string(template_name, context, request, using=using)
              ^^^^^^^^^^^^^^^^^^^^^^^^^^^^^^^^^^^^^^^^^^^^^^^^^^^^^^^^^^^^^^^^^^^^^
  File "D:\ecommerce\env\Lib\site-packages\django\template\loader.py", line 62, in render_to_string
    return template.render(context, request)
           ^^^^^^^^^^^^^^^^^^^^^^^^^^^^^^^^^
  File "D:\ecommerce\env\Lib\site-packages\django\template\backends\django.py", line 107, in render
    return self.template.render(context)
           ^^^^^^^^^^^^^^^^^^^^^^^^^^^^^
  File "D:\ecommerce\env\Lib\site-packages\django\template\base.py", line 171, in render
    return self._render(context)
           ^^^^^^^^^^^^^^^^^^^^^
  File "D:\ecommerce\env\Lib\site-packages\django\template\base.py", line 163, in _render
    return self.nodelist.render(context)
           ^^^^^^^^^^^^^^^^^^^^^^^^^^^^^
  File "D:\ecommerce\env\Lib\site-packages\django\template\base.py", line 1016, in render
    return SafeString("".join([node.render_annotated(context) for node in self]))
                               ^^^^^^^^^^^^^^^^^^^^^^^^^^^^^^
  File "D:\ecommerce\env\Lib\site-packages\django\template\base.py", line 977, in render_annotated
    return self.render(context)
           ^^^^^^^^^^^^^^^^^^^^
  File "D:\ecommerce\env\Lib\site-packages\django\template\loader_tags.py", line 159, in render
    return compiled_parent._render(context)
           ^^^^^^^^^^^^^^^^^^^^^^^^^^^^^^^^
  File "D:\ecommerce\env\Lib\site-packages\django\template\base.py", line 163, in _render
    return self.nodelist.render(context)
           ^^^^^^^^^^^^^^^^^^^^^^^^^^^^^
  File "D:\ecommerce\env\Lib\site-packages\django\template\base.py", line 1016, in render
    return SafeString("".join([node.render_annotated(context) for node in self]))
                               ^^^^^^^^^^^^^^^^^^^^^^^^^^^^^^
  File "D:\ecommerce\env\Lib\site-packages\django\template\base.py", line 977, in render_annotated
    return self.render(context)
           ^^^^^^^^^^^^^^^^^^^^
  File "D:\ecommerce\env\Lib\site-packages\django\template\loader_tags.py", line 65, in render
    result = block.nodelist.render(context)
             ^^^^^^^^^^^^^^^^^^^^^^^^^^^^^^
  File "D:\ecommerce\env\Lib\site-packages\django\template\base.py", line 1016, in render
    return SafeString("".join([node.render_annotated(context) for node in self]))
                               ^^^^^^^^^^^^^^^^^^^^^^^^^^^^^^
  File "D:\ecommerce\env\Lib\site-packages\django\template\base.py", line 977, in render_annotated
    return self.render(context)
           ^^^^^^^^^^^^^^^^^^^^
  File "D:\ecommerce\env\Lib\site-packages\django\template\defaulttags.py", line 327, in render
    return nodelist.render(context)
           ^^^^^^^^^^^^^^^^^^^^^^^^
  File "D:\ecommerce\env\Lib\site-packages\django\template\base.py", line 1016, in render
    return SafeString("".join([node.render_annotated(context) for node in self]))
                               ^^^^^^^^^^^^^^^^^^^^^^^^^^^^^^
  File "D:\ecommerce\env\Lib\site-packages\django\template\base.py", line 977, in render_annotated
    return self.render(context)
           ^^^^^^^^^^^^^^^^^^^^
  File "D:\ecommerce\env\Lib\site-packages\django\template\defaulttags.py", line 480, in render
    url = reverse(view_name, args=args, kwargs=kwargs, current_app=current_app)
          ^^^^^^^^^^^^^^^^^^^^^^^^^^^^^^^^^^^^^^^^^^^^^^^^^^^^^^^^^^^^^^^^^^^^^
  File "D:\ecommerce\env\Lib\site-packages\django\urls\base.py", line 92, in reverse
    raise NoReverseMatch("%s is not a registered namespace" % key)
django.urls.exceptions.NoReverseMatch: 'usersuths' is not a registered namespace
"GET /our-suppliers/ HTTP/1.1" 500 216300
Not Found: /favicon.ico
"GET /favicon.ico HTTP/1.1" 404 13151
Internal Server Error: /our-suppliers/
Traceback (most recent call last):
  File "D:\ecommerce\env\Lib\site-packages\django\urls\base.py", line 81, in reverse
    extra, resolver = resolver.namespace_dict[ns]
                      ~~~~~~~~~~~~~~~~~~~~~~~^^^^
KeyError: 'usersauths'

During handling of the above exception, another exception occurred:

Traceback (most recent call last):
  File "D:\ecommerce\env\Lib\site-packages\django\core\handlers\exception.py", line 55, in inner
    response = get_response(request)
               ^^^^^^^^^^^^^^^^^^^^^
  File "D:\ecommerce\env\Lib\site-packages\django\core\handlers\base.py", line 197, in _get_response
    response = wrapped_callback(request, *callback_args, **callback_kwargs)
               ^^^^^^^^^^^^^^^^^^^^^^^^^^^^^^^^^^^^^^^^^^^^^^^^^^^^^^^^^^^^
  File "D:\ecommerce\ecomm\core\views.py", line 1336, in our_suppliers
  File "D:\ecommerce\env\Lib\site-packages\django\shortcuts.py", line 25, in render
    content = loader.render_to_string(template_name, context, request, using=using)
              ^^^^^^^^^^^^^^^^^^^^^^^^^^^^^^^^^^^^^^^^^^^^^^^^^^^^^^^^^^^^^^^^^^^^^
  File "D:\ecommerce\env\Lib\site-packages\django\template\loader.py", line 62, in render_to_string
    return template.render(context, request)
           ^^^^^^^^^^^^^^^^^^^^^^^^^^^^^^^^^
  File "D:\ecommerce\env\Lib\site-packages\django\template\backends\django.py", line 107, in render
    return self.template.render(context)
           ^^^^^^^^^^^^^^^^^^^^^^^^^^^^^
  File "D:\ecommerce\env\Lib\site-packages\django\template\base.py", line 171, in render
    return self._render(context)
           ^^^^^^^^^^^^^^^^^^^^^
  File "D:\ecommerce\env\Lib\site-packages\django\template\base.py", line 163, in _render
    return self.nodelist.render(context)
           ^^^^^^^^^^^^^^^^^^^^^^^^^^^^^
  File "D:\ecommerce\env\Lib\site-packages\django\template\base.py", line 1016, in render
    return SafeString("".join([node.render_annotated(context) for node in self]))
                               ^^^^^^^^^^^^^^^^^^^^^^^^^^^^^^
  File "D:\ecommerce\env\Lib\site-packages\django\template\base.py", line 977, in render_annotated
    return self.render(context)
           ^^^^^^^^^^^^^^^^^^^^
  File "D:\ecommerce\env\Lib\site-packages\django\template\loader_tags.py", line 159, in render
    return compiled_parent._render(context)
           ^^^^^^^^^^^^^^^^^^^^^^^^^^^^^^^^
  File "D:\ecommerce\env\Lib\site-packages\django\template\base.py", line 163, in _render
    return self.nodelist.render(context)
           ^^^^^^^^^^^^^^^^^^^^^^^^^^^^^
  File "D:\ecommerce\env\Lib\site-packages\django\template\base.py", line 1016, in render
    return SafeString("".join([node.render_annotated(context) for node in self]))
                               ^^^^^^^^^^^^^^^^^^^^^^^^^^^^^^
  File "D:\ecommerce\env\Lib\site-packages\django\template\base.py", line 977, in render_annotated
    return self.render(context)
           ^^^^^^^^^^^^^^^^^^^^
  File "D:\ecommerce\env\Lib\site-packages\django\template\loader_tags.py", line 65, in render
    result = block.nodelist.render(context)
             ^^^^^^^^^^^^^^^^^^^^^^^^^^^^^^
  File "D:\ecommerce\env\Lib\site-packages\django\template\base.py", line 1016, in render
    return SafeString("".join([node.render_annotated(context) for node in self]))
                               ^^^^^^^^^^^^^^^^^^^^^^^^^^^^^^
  File "D:\ecommerce\env\Lib\site-packages\django\template\base.py", line 977, in render_annotated
    return self.render(context)
           ^^^^^^^^^^^^^^^^^^^^
  File "D:\ecommerce\env\Lib\site-packages\django\template\defaulttags.py", line 327, in render
    return nodelist.render(context)
           ^^^^^^^^^^^^^^^^^^^^^^^^
  File "D:\ecommerce\env\Lib\site-packages\django\template\base.py", line 1016, in render
    return SafeString("".join([node.render_annotated(context) for node in self]))
                               ^^^^^^^^^^^^^^^^^^^^^^^^^^^^^^
  File "D:\ecommerce\env\Lib\site-packages\django\template\base.py", line 977, in render_annotated
    return self.render(context)
           ^^^^^^^^^^^^^^^^^^^^
  File "D:\ecommerce\env\Lib\site-packages\django\template\defaulttags.py", line 480, in render
    url = reverse(view_name, args=args, kwargs=kwargs, current_app=current_app)
          ^^^^^^^^^^^^^^^^^^^^^^^^^^^^^^^^^^^^^^^^^^^^^^^^^^^^^^^^^^^^^^^^^^^^^
  File "D:\ecommerce\env\Lib\site-packages\django\urls\base.py", line 92, in reverse
    raise NoReverseMatch("%s is not a registered namespace" % key)
django.urls.exceptions.NoReverseMatch: 'usersauths' is not a registered namespace
"GET /our-suppliers/ HTTP/1.1" 500 216321
Not Found: /favicon.ico
"GET /favicon.ico HTTP/1.1" 404 13151
"GET /our-suppliers/ HTTP/1.1" 200 204915
"GET /static/assets/css/plugins/slider-range.css HTTP/1.1" 200 2718
"GET /static/assets/css/custom.css HTTP/1.1" 200 5210
"GET /static/assets/css/main.css HTTP/1.1" 200 253994
"GET /static/assets/imgs/theme/icons/icon-heart.svg HTTP/1.1" 200 1322
"GET /static/assets/imgs/page/Hlogo.png HTTP/1.1" 200 165299
"GET /static/assets/css/vendors/normalize.css HTTP/1.1" 200 6371
"GET /static/assets/css/plugins/magnific-popup.css HTTP/1.1" 200 7306
"GET /static/assets/css/plugins/select2.min.css HTTP/1.1" 200 10532
"GET /static/assets/css/plugins/perfect-scrollbar.css HTTP/1.1" 200 2702
"GET /static/assets/css/plugins/slick.css HTTP/1.1" 200 1949
"GET /static/assets/css/vendors/uicons-regular-straight.css HTTP/1.1" 200 18701
"GET /static/assets/imgs/theme/icons/icon-cart.svg HTTP/1.1" 200 1378
"GET /static/assets/imgs/theme/icons/icon-user.svg HTTP/1.1" 200 1771
"GET /static/assets/css/vendors/bootstrap.min.css HTTP/1.1" 200 204203
"GET /static/assets/js/vendor/modernizr-3.6.0.min.js HTTP/1.1" 200 17315
"GET /static/assets/js/vendor/jquery-3.6.0.min.js HTTP/1.1" 200 154196
"GET /media/category/Lucid_Origin_A_clean_modern_display_layout_featuring_a_variety_3_1_YtidKKl.jpg HTTP/1.1" 200 701259
"GET /static/assets/js/vendor/jquery-migrate-3.3.0.min.js HTTP/1.1" 200 16151
"GET /static/assets/js/vendor/bootstrap.bundle.min.js HTTP/1.1" 200 138686
"GET /static/assets/js/plugins/slick.js HTTP/1.1" 200 55958
"GET /static/assets/js/plugins/jquery.syotimer.min.js HTTP/1.1" 200 9981
"GET /static/assets/js/plugins/wow.js HTTP/1.1" 200 12009
"GET /static/assets/js/plugins/slider-range.js HTTP/1.1" 200 76783
"GET /static/assets/js/plugins/perfect-scrollbar.js HTTP/1.1" 200 45974
"GET /static/assets/js/plugins/magnific-popup.js HTTP/1.1" 200 34782
"GET /static/assets/js/plugins/waypoints.js HTTP/1.1" 200 12878
"GET /static/assets/js/plugins/select2.min.js HTTP/1.1" 200 131250
"GET /static/assets/js/plugins/counterup.js HTTP/1.1" 200 2034
"GET /static/assets/js/plugins/jquery.countdown.min.js HTTP/1.1" 200 7241
"GET /static/assets/js/plugins/images-loaded.js HTTP/1.1" 200 7454
"GET /static/assets/js/plugins/isotope.js HTTP/1.1" 200 50244
"GET /static/assets/js/plugins/jquery.vticker-min.js HTTP/1.1" 200 4028
"GET /static/assets/js/plugins/scrollup.js HTTP/1.1" 200 2761
"GET /static/assets/js/plugins/jquery.theia.sticky.js HTTP/1.1" 200 16507
"GET /static/assets/js/plugins/jquery.elevatezoom.js HTTP/1.1" 200 78877
"GET /static/assets/js/main.js HTTP/1.1" 200 24468
"GET /static/assets/js/shop.js HTTP/1.1" 200 3918
"GET /static/assets/js/infinite-scroll.js HTTP/1.1" 200 6262
"GET /static/assets/js/function.js HTTP/1.1" 200 17810
"GET /media/category/1_18.jpg HTTP/1.1" 200 75436
"GET /media/category/1_14.jpg HTTP/1.1" 200 10233
"GET /media/category/4_9.jpg HTTP/1.1" 200 24278
"GET /media/category/1_34.jpg HTTP/1.1" 200 37378
"GET /static/assets/imgs/theme/icons/icon-1.svg HTTP/1.1" 200 5445
"GET /static/assets/imgs/theme/icons/icon-2.svg HTTP/1.1" 200 11526
"GET /static/assets/imgs/theme/icons/icon-3.svg HTTP/1.1" 200 3073
"GET /static/assets/imgs/theme/icons/icon-4.svg HTTP/1.1" 200 5390
"GET /static/assets/imgs/theme/icons/icon-headphone.svg HTTP/1.1" 200 1251
"GET /static/assets/imgs/theme/icons/icon-facebook-white.svg HTTP/1.1" 200 495
"GET /static/assets/imgs/theme/icons/icon-twitter-white.svg HTTP/1.1" 200 1507
"GET /static/assets/imgs/theme/icons/icon-instagram-white.svg HTTP/1.1" 200 743
"GET /static/assets/imgs/theme/icons/icon-pinterest-white.svg HTTP/1.1" 200 539
"GET /static/assets/imgs/theme/icons/icon-youtube-white.svg HTTP/1.1" 200 379
"GET /media/user_1/LNRS_Provider-Circle_png_dDPOUk5.png HTTP/1.1" 200 163824
"GET /media/user_1/1_41.jpg HTTP/1.1" 200 21376
"GET /media/user_1/1_29_mi5DLKk.jpg HTTP/1.1" 200 45702
"GET /media/user_1/Coffee-Makers.png HTTP/1.1" 200 25572
"GET /media/user_1/17031905870118bacad0dfcc64cd7a43a3b68796f5795_2.webp HTTP/1.1" 200 24120
"GET /media/user_1/1_31.jpg HTTP/1.1" 200 36095
"GET /media/user_1/1_29.jpg HTTP/1.1" 200 45702
"GET /media/user_1/1_43.jpg HTTP/1.1" 200 8399
"GET /media/user_1/1_35.jpg HTTP/1.1" 200 33614
"GET /media/user_1/1_24.jpg HTTP/1.1" 200 59772
"GET /media/user_1/5_4.jpg HTTP/1.1" 200 30472
"GET /media/user_1/1_37.jpg HTTP/1.1" 200 9574
"GET /media/user_1/China_Town_M.jpg HTTP/1.1" 200 177124
"GET /media/user_1/1_10.jpg HTTP/1.1" 200 57819
"GET /media/user_1/2_18.jpg HTTP/1.1" 200 28986
"GET /media/user_1/251120102231_0ea85c5ca7ec80d60ef005251bcc7b31.webp HTTP/1.1" 200 22570
"GET /media/user_1/5_8.jpg HTTP/1.1" 200 25606
"GET /media/user_1/Mixers_ERoTWNY.png HTTP/1.1" 200 27798
"GET /media/user_1/3_21_8Q5HRjl.jpg HTTP/1.1" 200 20020
"GET /media/user_1/1_40.jpg HTTP/1.1" 200 12280
"GET /static/assets/imgs/banner/banner-22.png HTTP/1.1" 200 940183
"GET /static/assets/imgs/theme/icons/icon-5.svg HTTP/1.1" 200 4089
"GET /static/assets/imgs/theme/icons/icon-6.svg HTTP/1.1" 200 6940
"GET /static/assets/imgs/page/Flogo.png HTTP/1.1" 200 130746
"GET /static/assets/imgs/theme/icons/icon-location.svg HTTP/1.1" 200 1935
"GET /static/assets/imgs/theme/icons/icon-contact.svg HTTP/1.1" 200 1550
"GET /static/assets/imgs/theme/icons/icon-email-2.svg HTTP/1.1" 200 977
"GET /static/assets/imgs/theme/icons/icon-clock.svg HTTP/1.1" 200 1241
"GET /static/assets/imgs/theme/icons/phone-call.svg HTTP/1.1" 200 2918
"GET /static/assets/imgs/theme/icons/search.png HTTP/1.1" 404 2029
"GET /static/assets/imgs/theme/icons/icon-plane.png HTTP/1.1" 200 3150
"GET /static/assets/fonts/uicons/uicons-regular-straight.woff2 HTTP/1.1" 200 31072
"GET /static/assets/imgs/banner/banner-10.png HTTP/1.1" 200 28409
"GET /static/assets/imgs/page/Flogo.png HTTP/1.1" 200 130746
"GET /users/sign-up/ HTTP/1.1" 200 197989
"GET /static/assets/imgs/theme/icons/logo-facebook.svg HTTP/1.1" 404 2050
"GET /static/assets/imgs/theme/icons/logo-google.svg HTTP/1.1" 404 2044
"GET /static/assets/imgs/theme/icons/logo-apple.svg HTTP/1.1" 404 2041
"GET /static/assets/imgs/theme/icons/search.png HTTP/1.1" 404 2029
"POST /contact/ HTTP/1.1" 200 199931
"GET /static/assets/imgs/page/contact-2.png HTTP/1.1" 404 2017
"GET /static/assets/imgs/theme/icons/search.png HTTP/1.1" 404 2029
"GET /promotions/ HTTP/1.1" 200 216893
"GET /static/assets/imgs/theme/icons/search.png HTTP/1.1" 404 2029
"GET /promotions/ HTTP/1.1" 200 216654
"GET /static/assets/css/plugins/slider-range.css HTTP/1.1" 200 2718
"GET /static/assets/imgs/theme/icons/icon-heart.svg HTTP/1.1" 200 1322
"GET /static/assets/css/custom.css HTTP/1.1" 200 5210
"GET /static/assets/css/main.css HTTP/1.1" 200 253994
"GET /static/assets/imgs/theme/icons/icon-cart.svg HTTP/1.1" 200 1378
"GET /static/assets/imgs/page/Hlogo.png HTTP/1.1" 200 165299
"GET /static/assets/css/vendors/normalize.css HTTP/1.1" 200 6371
"GET /static/assets/css/plugins/slick.css HTTP/1.1" 200 1949
"GET /static/assets/css/plugins/perfect-scrollbar.css HTTP/1.1" 200 2702
"GET /static/assets/css/plugins/magnific-popup.css HTTP/1.1" 200 7306
"GET /static/assets/css/plugins/select2.min.css HTTP/1.1" 200 10532
"GET /static/assets/css/vendors/uicons-regular-straight.css HTTP/1.1" 200 18701
"GET /static/assets/imgs/theme/icons/icon-user.svg HTTP/1.1" 200 1771
"GET /static/assets/css/vendors/bootstrap.min.css HTTP/1.1" 200 204203
"GET /static/assets/js/vendor/modernizr-3.6.0.min.js HTTP/1.1" 200 17315
"GET /media/category/Lucid_Origin_A_clean_modern_display_layout_featuring_a_variety_3_1_YtidKKl.jpg HTTP/1.1" 200 701259
"GET /static/assets/js/vendor/jquery-3.6.0.min.js HTTP/1.1" 200 154196
"GET /static/assets/js/vendor/jquery-migrate-3.3.0.min.js HTTP/1.1" 200 16151
"GET /static/assets/js/plugins/slick.js HTTP/1.1" 200 55958
"GET /static/assets/js/vendor/bootstrap.bundle.min.js HTTP/1.1" 200 138686
"GET /static/assets/js/plugins/jquery.syotimer.min.js HTTP/1.1" 200 9981
"GET /static/assets/js/plugins/wow.js HTTP/1.1" 200 12009
"GET /static/assets/js/plugins/perfect-scrollbar.js HTTP/1.1" 200 45974
"GET /static/assets/js/plugins/slider-range.js HTTP/1.1" 200 76783
"GET /static/assets/js/plugins/magnific-popup.js HTTP/1.1" 200 34782
"GET /static/assets/js/plugins/select2.min.js HTTP/1.1" 200 131250
"GET /static/assets/js/plugins/waypoints.js HTTP/1.1" 200 12878
"GET /static/assets/js/plugins/counterup.js HTTP/1.1" 200 2034
"GET /static/assets/js/plugins/jquery.countdown.min.js HTTP/1.1" 200 7241
"GET /static/assets/js/plugins/images-loaded.js HTTP/1.1" 200 7454
"GET /static/assets/js/plugins/isotope.js HTTP/1.1" 200 50244
"GET /static/assets/js/plugins/scrollup.js HTTP/1.1" 200 2761
"GET /static/assets/js/plugins/jquery.vticker-min.js HTTP/1.1" 200 4028
"GET /static/assets/js/plugins/jquery.theia.sticky.js HTTP/1.1" 200 16507
"GET /static/assets/js/plugins/jquery.elevatezoom.js HTTP/1.1" 200 78877
"GET /static/assets/js/main.js HTTP/1.1" 200 24468
"GET /static/assets/js/shop.js HTTP/1.1" 200 3918
"GET /static/assets/js/function.js HTTP/1.1" 200 17810
"GET /static/assets/js/infinite-scroll.js HTTP/1.1" 200 6262
"GET /media/category/1_18.jpg HTTP/1.1" 200 75436
"GET /media/category/1_14.jpg HTTP/1.1" 200 10233
"GET /static/assets/imgs/theme/icons/icon-1.svg HTTP/1.1" 200 5445
"GET /static/assets/imgs/theme/icons/icon-2.svg HTTP/1.1" 200 11526
"GET /media/category/4_9.jpg HTTP/1.1" 200 24278
"GET /static/assets/imgs/theme/icons/icon-3.svg HTTP/1.1" 200 3073
"GET /media/category/1_34.jpg HTTP/1.1" 200 37378
"GET /static/assets/imgs/theme/icons/icon-4.svg HTTP/1.1" 200 5390
"GET /static/assets/imgs/theme/icons/icon-headphone.svg HTTP/1.1" 200 1251
"GET /static/assets/imgs/theme/icons/icon-facebook-white.svg HTTP/1.1" 200 495
"GET /static/assets/imgs/theme/icons/icon-twitter-white.svg HTTP/1.1" 200 1507
"GET /static/assets/imgs/theme/icons/icon-instagram-white.svg HTTP/1.1" 200 743
"GET /static/assets/imgs/theme/icons/icon-pinterest-white.svg HTTP/1.1" 200 539
"GET /static/assets/imgs/theme/icons/icon-youtube-white.svg HTTP/1.1" 200 379
"GET /media/user_1/LNRS_Provider-Circle_png_dDPOUk5.png HTTP/1.1" 200 163824
"GET /static/assets/fonts/uicons/uicons-regular-straight.woff2 HTTP/1.1" 200 31072
"GET /media/user_1/Mixers_ERoTWNY.png HTTP/1.1" 200 27798
"GET /media/user_1/251120102231_0ea85c5ca7ec80d60ef005251bcc7b31.webp HTTP/1.1" 200 22570
"GET /media/user_1/5_4.jpg HTTP/1.1" 200 30472
"GET /static/assets/imgs/theme/icons/search.png HTTP/1.1" 404 2029
"GET /media/user_1/1_24.jpg HTTP/1.1" 200 59772
"GET /media/user_1/Coffee-Makers.png HTTP/1.1" 200 25572
"GET /media/user_1/5_8.jpg HTTP/1.1" 200 25606
"GET /media/user_1/1_10.jpg HTTP/1.1" 200 57819
"GET /media/user_1/1_43.jpg HTTP/1.1" 200 8399
"GET /media/user_1/1_41.jpg HTTP/1.1" 200 21376
"GET /media/user_1/1_29_mi5DLKk.jpg HTTP/1.1" 200 45702
"GET /media/user_1/17031905870118bacad0dfcc64cd7a43a3b68796f5795_2.webp HTTP/1.1" 200 24120
"GET /media/user_1/1_31.jpg HTTP/1.1" 200 36095
"GET /media/user_1/1_29.jpg HTTP/1.1" 200 45702
"GET /media/user_1/1_35.jpg HTTP/1.1" 200 33614
"GET /media/user_1/1_37.jpg HTTP/1.1" 200 9574
"GET /media/user_1/China_Town_M.jpg HTTP/1.1" 200 177124
"GET /media/user_1/3_21_8Q5HRjl.jpg HTTP/1.1" 200 20020
"GET /media/user_1/2_18.jpg HTTP/1.1" 200 28986
"GET /media/user_1/1_40.jpg HTTP/1.1" 200 12280
"GET /static/assets/imgs/theme/icons/icon-5.svg HTTP/1.1" 200 4089
"GET /static/assets/imgs/theme/icons/icon-location.svg HTTP/1.1" 200 1935
"GET /static/assets/imgs/theme/icons/icon-6.svg HTTP/1.1" 200 6940
"GET /static/assets/imgs/theme/icons/icon-email-2.svg HTTP/1.1" 200 977
"GET /static/assets/imgs/theme/icons/phone-call.svg HTTP/1.1" 200 2918
"GET /static/assets/imgs/theme/icons/icon-contact.svg HTTP/1.1" 200 1550
"GET /static/assets/imgs/theme/icons/icon-clock.svg HTTP/1.1" 200 1241
"GET /static/assets/imgs/page/Flogo.png HTTP/1.1" 200 130746
"GET /static/assets/imgs/theme/icons/icon-plane.png HTTP/1.1" 200 3150
"GET /static/assets/imgs/banner/banner-10.png HTTP/1.1" 200 28409
"GET /static/assets/imgs/banner/banner-22.png HTTP/1.1" 200 940183
"GET /static/assets/imgs/page/Flogo.png HTTP/1.1" 200 130746
"GET /accessibility/ HTTP/1.1" 200 205401
"GET /static/assets/imgs/theme/icons/search.png HTTP/1.1" 404 2029
"GET /about/ HTTP/1.1" 200 215127
"GET /static/assets/imgs/theme/icons/search.png HTTP/1.1" 404 2029
"GET /about/ HTTP/1.1" 200 215127
"GET /static/assets/imgs/theme/icons/search.png HTTP/1.1" 404 2029
"GET /contact/ HTTP/1.1" 200 199931
"GET /static/assets/imgs/page/contact-2.png HTTP/1.1" 404 2017
"GET /static/assets/imgs/theme/icons/search.png HTTP/1.1" 404 2029
"GET /wishlist/ HTTP/1.1" 200 198856
"GET /static/assets/imgs/theme/icons/search.png HTTP/1.1" 404 2029
"GET /remove-from-wishlist?id=11 HTTP/1.1" 301 0
"GET /remove-from-wishlist/?id=11 HTTP/1.1" 200 5017
"GET /remove-from-wishlist?id=12 HTTP/1.1" 301 0
"GET /remove-from-wishlist/?id=12 HTTP/1.1" 200 2323
"GET /products/ HTTP/1.1" 200 252328
"GET /static/assets/imgs/theme/icons/search.png HTTP/1.1" 404 2029
"GET /products/?page=2 HTTP/1.1" 200 251138
"GET /static/assets/imgs/theme/icons/search.png HTTP/1.1" 404 2029
"GET / HTTP/1.1" 200 539922
"GET /static/assets/imgs/theme/icons/search.png HTTP/1.1" 404 2029
"GET /deals/ HTTP/1.1" 200 199493
"GET /static/assets/imgs/theme/icons/search.png HTTP/1.1" 404 2029
"GET /deals/ HTTP/1.1" 200 199392
"GET /static/assets/css/plugins/slider-range.css HTTP/1.1" 200 2718
"GET /static/assets/css/custom.css HTTP/1.1" 200 5210
"GET /static/assets/imgs/theme/icons/icon-heart.svg HTTP/1.1" 200 1322
"GET /static/assets/imgs/page/Hlogo.png HTTP/1.1" 200 165299
"GET /static/assets/css/main.css HTTP/1.1" 200 253994
"GET /static/assets/imgs/theme/icons/icon-cart.svg HTTP/1.1" 200 1378
"GET /static/assets/imgs/theme/icons/icon-user.svg HTTP/1.1" 200 1771
"GET /static/assets/css/vendors/normalize.css HTTP/1.1" 200 6371
"GET /static/assets/css/plugins/magnific-popup.css HTTP/1.1" 200 7306
"GET /static/assets/css/plugins/select2.min.css HTTP/1.1" 200 10532
"GET /static/assets/css/plugins/slick.css HTTP/1.1" 200 1949
"GET /static/assets/css/vendors/uicons-regular-straight.css HTTP/1.1" 200 18701
"GET /static/assets/css/plugins/perfect-scrollbar.css HTTP/1.1" 200 2702
"GET /media/category/4_9.jpg HTTP/1.1" 200 24278
"GET /static/assets/css/vendors/bootstrap.min.css HTTP/1.1" 200 204203
"GET /static/assets/js/vendor/modernizr-3.6.0.min.js HTTP/1.1" 200 17315
"GET /static/assets/js/vendor/jquery-migrate-3.3.0.min.js HTTP/1.1" 200 16151
"GET /static/assets/js/vendor/jquery-3.6.0.min.js HTTP/1.1" 200 154196
"GET /static/assets/js/vendor/bootstrap.bundle.min.js HTTP/1.1" 200 138686
"GET /static/assets/js/plugins/slick.js HTTP/1.1" 200 55958
"GET /static/assets/js/plugins/jquery.syotimer.min.js HTTP/1.1" 200 9981
"GET /static/assets/js/plugins/wow.js HTTP/1.1" 200 12009
"GET /static/assets/js/plugins/slider-range.js HTTP/1.1" 200 76783
"GET /static/assets/js/plugins/perfect-scrollbar.js HTTP/1.1" 200 45974
"GET /static/assets/js/plugins/magnific-popup.js HTTP/1.1" 200 34782
"GET /static/assets/js/plugins/waypoints.js HTTP/1.1" 200 12878
"GET /static/assets/js/plugins/select2.min.js HTTP/1.1" 200 131250
"GET /static/assets/js/plugins/counterup.js HTTP/1.1" 200 2034
"GET /static/assets/js/plugins/jquery.countdown.min.js HTTP/1.1" 200 7241
"GET /static/assets/js/plugins/images-loaded.js HTTP/1.1" 200 7454
"GET /static/assets/js/plugins/isotope.js HTTP/1.1" 200 50244
"GET /static/assets/js/plugins/scrollup.js HTTP/1.1" 200 2761
"GET /static/assets/js/plugins/jquery.vticker-min.js HTTP/1.1" 200 4028
"GET /static/assets/js/plugins/jquery.theia.sticky.js HTTP/1.1" 200 16507
"GET /static/assets/js/main.js HTTP/1.1" 200 24468
"GET /static/assets/js/plugins/jquery.elevatezoom.js HTTP/1.1" 200 78877
"GET /static/assets/js/shop.js HTTP/1.1" 200 3918
"GET /static/assets/js/function.js HTTP/1.1" 200 17810
"GET /static/assets/js/infinite-scroll.js HTTP/1.1" 200 6262
"GET /media/category/1_18.jpg HTTP/1.1" 200 75436
"GET /media/category/1_14.jpg HTTP/1.1" 200 10233
"GET /media/category/Lucid_Origin_A_clean_modern_display_layout_featuring_a_variety_3_1_YtidKKl.jpg HTTP/1.1" 200 701259
"GET /static/assets/imgs/theme/icons/icon-headphone.svg HTTP/1.1" 200 1251
"GET /static/assets/imgs/theme/icons/icon-3.svg HTTP/1.1" 200 3073
"GET /static/assets/imgs/theme/icons/icon-4.svg HTTP/1.1" 200 5390
"GET /static/assets/imgs/theme/icons/icon-2.svg HTTP/1.1" 200 11526
"GET /static/assets/imgs/theme/icons/icon-1.svg HTTP/1.1" 200 5445
"GET /media/category/1_34.jpg HTTP/1.1" 200 37378
"GET /static/assets/imgs/theme/icons/icon-instagram-white.svg HTTP/1.1" 200 743
"GET /static/assets/imgs/theme/icons/icon-facebook-white.svg HTTP/1.1" 200 495
"GET /static/assets/imgs/theme/icons/icon-twitter-white.svg HTTP/1.1" 200 1507
"GET /static/assets/imgs/theme/icons/icon-youtube-white.svg HTTP/1.1" 200 379
"GET /static/assets/imgs/theme/icons/icon-pinterest-white.svg HTTP/1.1" 200 539
"GET /media/user_1/17031905870118bacad0dfcc64cd7a43a3b68796f5795_2.webp HTTP/1.1" 200 24120
"GET /media/user_1/1_31.jpg HTTP/1.1" 200 36095
"GET /media/user_1/1_41.jpg HTTP/1.1" 200 21376
"GET /static/assets/fonts/uicons/uicons-regular-straight.woff2 HTTP/1.1" 200 31072
"GET /media/user_1/Coffee-Makers.png HTTP/1.1" 200 25572
"GET /media/user_1/1_29_mi5DLKk.jpg HTTP/1.1" 200 45702
"GET /media/user_1/1_43.jpg HTTP/1.1" 200 8399
"GET /static/assets/imgs/theme/icons/search.png HTTP/1.1" 404 2029
"GET /static/assets/imgs/theme/rating-stars.png HTTP/1.1" 200 3095
"GET /media/user_1/1_29.jpg HTTP/1.1" 200 45702
"GET /media/user_1/1_35.jpg HTTP/1.1" 200 33614
"GET /media/user_1/1_37.jpg HTTP/1.1" 200 9574
"GET /media/user_1/1_24.jpg HTTP/1.1" 200 59772
"GET /media/user_1/5_4.jpg HTTP/1.1" 200 30472
"GET /media/user_1/China_Town_M.jpg HTTP/1.1" 200 177124
"GET /media/user_1/2_18.jpg HTTP/1.1" 200 28986
"GET /media/user_1/1_10.jpg HTTP/1.1" 200 57819
"GET /media/user_1/Mixers_ERoTWNY.png HTTP/1.1" 200 27798
"GET /media/user_1/5_8.jpg HTTP/1.1" 200 25606
"GET /media/user_1/251120102231_0ea85c5ca7ec80d60ef005251bcc7b31.webp HTTP/1.1" 200 22570
"GET /media/user_1/1_40.jpg HTTP/1.1" 200 12280
"GET /media/user_1/3_21_8Q5HRjl.jpg HTTP/1.1" 200 20020
"GET /static/assets/imgs/theme/icons/icon-6.svg HTTP/1.1" 200 6940
"GET /static/assets/imgs/theme/icons/icon-5.svg HTTP/1.1" 200 4089
"GET /static/assets/imgs/page/Flogo.png HTTP/1.1" 200 130746
"GET /static/assets/imgs/theme/icons/icon-clock.svg HTTP/1.1" 200 1241
"GET /static/assets/imgs/theme/icons/phone-call.svg HTTP/1.1" 200 2918
"GET /static/assets/imgs/theme/icons/icon-plane.png HTTP/1.1" 200 3150
"GET /static/assets/imgs/banner/banner-10.png HTTP/1.1" 200 28409
"GET /static/assets/imgs/theme/icons/icon-email-2.svg HTTP/1.1" 200 977
"GET /static/assets/imgs/theme/icons/icon-location.svg HTTP/1.1" 200 1935
"GET /static/assets/imgs/theme/icons/icon-contact.svg HTTP/1.1" 200 1550
"GET /static/assets/imgs/banner/banner-22.png HTTP/1.1" 200 940183
"GET /static/assets/imgs/page/Flogo.png HTTP/1.1" 200 130746
D:\ecommerce\ecomm\core\urls.py changed, reloading.
Watching for file changes with StatReloader
D:\ecommerce\ecomm\core\urls.py changed, reloading.
Watching for file changes with StatReloader
D:\ecommerce\ecomm\core\urls.py changed, reloading.
Watching for file changes with StatReloader
D:\ecommerce\ecomm\core\urls.py changed, reloading.
Watching for file changes with StatReloader
D:\ecommerce\ecomm\core\urls.py changed, reloading.
Watching for file changes with StatReloader
"GET /deals/ HTTP/1.1" 200 199395
"GET /static/assets/css/plugins/slider-range.css HTTP/1.1" 200 2718
"GET /static/assets/css/custom.css HTTP/1.1" 200 5210
"GET /static/assets/imgs/theme/icons/icon-heart.svg HTTP/1.1" 200 1322
"GET /static/assets/imgs/page/Hlogo.png HTTP/1.1" 200 165299
"GET /static/assets/css/main.css HTTP/1.1" 200 253994
"GET /static/assets/imgs/theme/icons/icon-user.svg HTTP/1.1" 200 1771
"GET /static/assets/imgs/theme/icons/icon-cart.svg HTTP/1.1" 200 1378
"GET /static/assets/css/vendors/normalize.css HTTP/1.1" 200 6371
"GET /static/assets/css/plugins/slick.css HTTP/1.1" 200 1949
"GET /static/assets/css/plugins/select2.min.css HTTP/1.1" 200 10532
"GET /static/assets/css/vendors/uicons-regular-straight.css HTTP/1.1" 200 18701
"GET /static/assets/css/plugins/perfect-scrollbar.css HTTP/1.1" 200 2702
"GET /static/assets/css/plugins/magnific-popup.css HTTP/1.1" 200 7306
"GET /media/category/4_9.jpg HTTP/1.1" 200 24278
"GET /static/assets/js/vendor/modernizr-3.6.0.min.js HTTP/1.1" 200 17315
"GET /static/assets/css/vendors/bootstrap.min.css HTTP/1.1" 200 204203
"GET /static/assets/js/vendor/jquery-3.6.0.min.js HTTP/1.1" 200 154196
"GET /static/assets/js/vendor/jquery-migrate-3.3.0.min.js HTTP/1.1" 200 16151
"GET /static/assets/js/plugins/slick.js HTTP/1.1" 200 55958
"GET /static/assets/js/vendor/bootstrap.bundle.min.js HTTP/1.1" 200 138686
"GET /static/assets/js/plugins/jquery.syotimer.min.js HTTP/1.1" 200 9981
"GET /static/assets/js/plugins/wow.js HTTP/1.1" 200 12009
"GET /static/assets/js/plugins/perfect-scrollbar.js HTTP/1.1" 200 45974
"GET /static/assets/js/plugins/slider-range.js HTTP/1.1" 200 76783
"GET /static/assets/js/plugins/magnific-popup.js HTTP/1.1" 200 34782
"GET /static/assets/js/plugins/select2.min.js HTTP/1.1" 200 131250
"GET /static/assets/js/plugins/waypoints.js HTTP/1.1" 200 12878
"GET /static/assets/js/plugins/counterup.js HTTP/1.1" 200 2034
"GET /static/assets/js/plugins/jquery.countdown.min.js HTTP/1.1" 200 7241
"GET /static/assets/js/plugins/images-loaded.js HTTP/1.1" 200 7454
"GET /static/assets/js/plugins/isotope.js HTTP/1.1" 200 50244
"GET /static/assets/js/plugins/scrollup.js HTTP/1.1" 200 2761
"GET /static/assets/js/plugins/jquery.vticker-min.js HTTP/1.1" 200 4028
"GET /static/assets/js/plugins/jquery.theia.sticky.js HTTP/1.1" 200 16507
"GET /static/assets/js/plugins/jquery.elevatezoom.js HTTP/1.1" 200 78877
"GET /static/assets/js/shop.js HTTP/1.1" 200 3918
"GET /static/assets/js/main.js HTTP/1.1" 200 24468
"GET /media/category/1_14.jpg HTTP/1.1" 200 10233
"GET /static/assets/js/infinite-scroll.js HTTP/1.1" 200 6262
"GET /static/assets/js/function.js HTTP/1.1" 200 17810
"GET /media/category/1_34.jpg HTTP/1.1" 200 37378
"GET /media/category/1_18.jpg HTTP/1.1" 200 75436
"GET /static/assets/imgs/theme/icons/icon-1.svg HTTP/1.1" 200 5445
"GET /static/assets/imgs/theme/icons/icon-2.svg HTTP/1.1" 200 11526
"GET /static/assets/imgs/theme/icons/icon-3.svg HTTP/1.1" 200 3073
"GET /static/assets/imgs/theme/icons/icon-4.svg HTTP/1.1" 200 5390
"GET /static/assets/fonts/uicons/uicons-regular-straight.woff2 HTTP/1.1" 200 31072
"GET /media/category/Lucid_Origin_A_clean_modern_display_layout_featuring_a_variety_3_1_YtidKKl.jpg HTTP/1.1" 200 701259
"GET /static/assets/imgs/theme/icons/icon-instagram-white.svg HTTP/1.1" 200 743
"GET /static/assets/imgs/theme/icons/icon-headphone.svg HTTP/1.1" 200 1251
"GET /static/assets/imgs/theme/icons/icon-twitter-white.svg HTTP/1.1" 200 1507
"GET /static/assets/imgs/theme/icons/icon-facebook-white.svg HTTP/1.1" 200 495
"GET /static/assets/imgs/theme/icons/icon-pinterest-white.svg HTTP/1.1" 200 539
"GET /static/assets/imgs/theme/icons/search.png HTTP/1.1" 404 2029
"GET /media/user_1/1_31.jpg HTTP/1.1" 200 36095
"GET /media/user_1/17031905870118bacad0dfcc64cd7a43a3b68796f5795_2.webp HTTP/1.1" 200 24120
"GET /media/user_1/1_41.jpg HTTP/1.1" 200 21376
"GET /static/assets/imgs/theme/rating-stars.png HTTP/1.1" 200 3095
"GET /static/assets/imgs/theme/icons/icon-youtube-white.svg HTTP/1.1" 200 379
"GET /media/user_1/1_29_mi5DLKk.jpg HTTP/1.1" 200 45702
"GET /media/user_1/1_43.jpg HTTP/1.1" 200 8399
"GET /media/user_1/1_29.jpg HTTP/1.1" 200 45702
"GET /media/user_1/1_35.jpg HTTP/1.1" 200 33614
"GET /media/user_1/Coffee-Makers.png HTTP/1.1" 200 25572
"GET /media/user_1/5_4.jpg HTTP/1.1" 200 30472
"GET /media/user_1/1_24.jpg HTTP/1.1" 200 59772
"GET /media/user_1/1_37.jpg HTTP/1.1" 200 9574
"GET /media/user_1/2_18.jpg HTTP/1.1" 200 28986
"GET /media/user_1/1_10.jpg HTTP/1.1" 200 57819
"GET /media/user_1/251120102231_0ea85c5ca7ec80d60ef005251bcc7b31.webp HTTP/1.1" 200 22570
"GET /media/user_1/5_8.jpg HTTP/1.1" 200 25606
"GET /media/user_1/Mixers_ERoTWNY.png HTTP/1.1" 200 27798
"GET /media/user_1/1_40.jpg HTTP/1.1" 200 12280
"GET /media/user_1/3_21_8Q5HRjl.jpg HTTP/1.1" 200 20020
"GET /media/user_1/China_Town_M.jpg HTTP/1.1" 200 177124
"GET /static/assets/imgs/theme/icons/icon-5.svg HTTP/1.1" 200 4089
"GET /static/assets/imgs/theme/icons/icon-6.svg HTTP/1.1" 200 6940
"GET /static/assets/imgs/theme/icons/icon-email-2.svg HTTP/1.1" 200 977
"GET /static/assets/imgs/theme/icons/icon-location.svg HTTP/1.1" 200 1935
"GET /static/assets/imgs/theme/icons/icon-contact.svg HTTP/1.1" 200 1550
"GET /static/assets/imgs/theme/icons/phone-call.svg HTTP/1.1" 200 2918
"GET /static/assets/imgs/theme/icons/icon-clock.svg HTTP/1.1" 200 1241
"GET /static/assets/imgs/page/Flogo.png HTTP/1.1" 200 130746
"GET /static/assets/imgs/banner/banner-10.png HTTP/1.1" 200 28409
"GET /static/assets/imgs/theme/icons/icon-plane.png HTTP/1.1" 200 3150
"GET /static/assets/imgs/banner/banner-22.png HTTP/1.1" 200 940183
"GET /static/assets/imgs/page/Flogo.png HTTP/1.1" 200 130746
"GET /terms/ HTTP/1.1" 200 216556
"GET /static/assets/imgs/theme/icons/search.png HTTP/1.1" 404 2029
D:\ecommerce\ecomm\core\urls.py changed, reloading.
Watching for file changes with StatReloader
Internal Server Error: /terms/
Traceback (most recent call last):
  File "D:\ecommerce\env\Lib\site-packages\django\core\handlers\exception.py", line 55, in inner
    response = get_response(request)
               ^^^^^^^^^^^^^^^^^^^^^
  File "D:\ecommerce\env\Lib\site-packages\django\core\handlers\base.py", line 197, in _get_response
    response = wrapped_callback(request, *callback_args, **callback_kwargs)
               ^^^^^^^^^^^^^^^^^^^^^^^^^^^^^^^^^^^^^^^^^^^^^^^^^^^^^^^^^^^^
  File "D:\ecommerce\ecomm\core\views.py", line 1261, in terms_of_service
    return render(request, "core/terms_of_service.html")
           ^^^^^^^^^^^^^^^^^^^^^^^^^^^^^^^^^^^^^^^^^^^^^
  File "D:\ecommerce\env\Lib\site-packages\django\shortcuts.py", line 25, in render
    content = loader.render_to_string(template_name, context, request, using=using)
              ^^^^^^^^^^^^^^^^^^^^^^^^^^^^^^^^^^^^^^^^^^^^^^^^^^^^^^^^^^^^^^^^^^^^^
  File "D:\ecommerce\env\Lib\site-packages\django\template\loader.py", line 61, in render_to_string
    template = get_template(template_name, using=using)
               ^^^^^^^^^^^^^^^^^^^^^^^^^^^^^^^^^^^^^^^^
  File "D:\ecommerce\env\Lib\site-packages\django\template\loader.py", line 19, in get_template
    raise TemplateDoesNotExist(template_name, chain=chain)
django.template.exceptions.TemplateDoesNotExist: core/terms_of_service.html
"GET /terms/ HTTP/1.1" 500 90323
Not Found: /favicon.ico
"GET /favicon.ico HTTP/1.1" 404 13415
Internal Server Error: /terms/
Traceback (most recent call last):
  File "D:\ecommerce\env\Lib\site-packages\django\core\handlers\exception.py", line 55, in inner
    response = get_response(request)
               ^^^^^^^^^^^^^^^^^^^^^
  File "D:\ecommerce\env\Lib\site-packages\django\core\handlers\base.py", line 197, in _get_response
    response = wrapped_callback(request, *callback_args, **callback_kwargs)
               ^^^^^^^^^^^^^^^^^^^^^^^^^^^^^^^^^^^^^^^^^^^^^^^^^^^^^^^^^^^^
  File "D:\ecommerce\ecomm\core\views.py", line 1261, in terms_of_service
    return render(request, "core/terms_of_service.html")
           ^^^^^^^^^^^^^^^^^^^^^^^^^^^^^^^^^^^^^^^^^^^^^
  File "D:\ecommerce\env\Lib\site-packages\django\shortcuts.py", line 25, in render
    content = loader.render_to_string(template_name, context, request, using=using)
              ^^^^^^^^^^^^^^^^^^^^^^^^^^^^^^^^^^^^^^^^^^^^^^^^^^^^^^^^^^^^^^^^^^^^^
  File "D:\ecommerce\env\Lib\site-packages\django\template\loader.py", line 61, in render_to_string
    template = get_template(template_name, using=using)
               ^^^^^^^^^^^^^^^^^^^^^^^^^^^^^^^^^^^^^^^^
  File "D:\ecommerce\env\Lib\site-packages\django\template\loader.py", line 19, in get_template
    raise TemplateDoesNotExist(template_name, chain=chain)
django.template.exceptions.TemplateDoesNotExist: core/terms_of_service.html
"GET /terms/ HTTP/1.1" 500 90323
"GET /deals/ HTTP/1.1" 200 199395
"GET /static/assets/imgs/theme/icons/search.png HTTP/1.1" 404 2029
Internal Server Error: /terms/
Traceback (most recent call last):
  File "D:\ecommerce\env\Lib\site-packages\django\core\handlers\exception.py", line 55, in inner
    response = get_response(request)
               ^^^^^^^^^^^^^^^^^^^^^
  File "D:\ecommerce\env\Lib\site-packages\django\core\handlers\base.py", line 197, in _get_response
    response = wrapped_callback(request, *callback_args, **callback_kwargs)
               ^^^^^^^^^^^^^^^^^^^^^^^^^^^^^^^^^^^^^^^^^^^^^^^^^^^^^^^^^^^^
  File "D:\ecommerce\ecomm\core\views.py", line 1261, in terms_of_service
    return render(request, "core/terms_of_service.html")
           ^^^^^^^^^^^^^^^^^^^^^^^^^^^^^^^^^^^^^^^^^^^^^
  File "D:\ecommerce\env\Lib\site-packages\django\shortcuts.py", line 25, in render
    content = loader.render_to_string(template_name, context, request, using=using)
              ^^^^^^^^^^^^^^^^^^^^^^^^^^^^^^^^^^^^^^^^^^^^^^^^^^^^^^^^^^^^^^^^^^^^^
  File "D:\ecommerce\env\Lib\site-packages\django\template\loader.py", line 61, in render_to_string
    template = get_template(template_name, using=using)
               ^^^^^^^^^^^^^^^^^^^^^^^^^^^^^^^^^^^^^^^^
  File "D:\ecommerce\env\Lib\site-packages\django\template\loader.py", line 19, in get_template
    raise TemplateDoesNotExist(template_name, chain=chain)
django.template.exceptions.TemplateDoesNotExist: core/terms_of_service.html
"GET /terms/ HTTP/1.1" 500 90480
D:\ecommerce\ecomm\core\urls.py changed, reloading.
Watching for file changes with StatReloader
Not Found: /terms/
"GET /terms/ HTTP/1.1" 404 13136
D:\ecommerce\ecomm\ecomm\urls.py changed, reloading.
Watching for file changes with StatReloader
D:\ecommerce\ecomm\core\views.py changed, reloading.
Watching for file changes with StatReloader
D:\ecommerce\ecomm\core\views.py changed, reloading.
Watching for file changes with StatReloader
D:\ecommerce\ecomm\core\views.py changed, reloading.
Watching for file changes with StatReloader
D:\ecommerce\ecomm\core\views.py changed, reloading.
Watching for file changes with StatReloader
D:\ecommerce\ecomm\core\views.py changed, reloading.
Watching for file changes with StatReloader
D:\ecommerce\ecomm\core\views.py changed, reloading.
Watching for file changes with StatReloader
D:\ecommerce\ecomm\core\views.py changed, reloading.
Watching for file changes with StatReloader
Not Found: /terms/
"GET /terms/ HTTP/1.1" 404 13136
Watching for file changes with StatReloader
Not Found: /terms/
"GET /terms/ HTTP/1.1" 404 13136
Not Found: /terms/
"GET /terms/ HTTP/1.1" 404 13136
"GET /category/ HTTP/1.1" 200 208901
Not Found: /category/assets/imgs/theme/icons/category-1.svg
"GET /category/assets/imgs/theme/icons/category-1.svg HTTP/1.1" 404 13259
"GET /static/assets/imgs/theme/icons/search.png HTTP/1.1" 404 2029
"GET /static/assets/imgs/blog/header-bg.png HTTP/1.1" 200 16995
"GET /category/catgcefd4gdh1/ HTTP/1.1" 200 224847
"GET /static/assets/imgs/theme/icons/search.png HTTP/1.1" 404 2029
"GET /category/catgcefd4gdh1/?page=2 HTTP/1.1" 200 224927
"GET /static/assets/imgs/theme/icons/search.png HTTP/1.1" 404 2029
"GET /category/catgcefd4gdh1/?page=3 HTTP/1.1" 200 222063
"GET /static/assets/imgs/theme/icons/search.png HTTP/1.1" 404 2029
"GET / HTTP/1.1" 200 539818
"GET /static/assets/imgs/theme/icons/search.png HTTP/1.1" 404 2029
